mode: atomic
github.com/jmpargana/gq/cmd/gq/main.go:25.51,27.18 2 0
github.com/jmpargana/gq/cmd/gq/main.go:27.18,30.4 2 0
github.com/jmpargana/gq/cmd/gq/main.go:32.3,32.40 1 0
github.com/jmpargana/gq/cmd/gq/main.go:32.40,34.4 1 0
github.com/jmpargana/gq/cmd/gq/main.go:36.3,36.23 1 0
github.com/jmpargana/gq/cmd/gq/main.go:36.23,38.4 1 0
github.com/jmpargana/gq/cmd/gq/main.go:40.3,48.12 6 0
github.com/jmpargana/gq/cmd/gq/main.go:48.12,52.4 3 0
github.com/jmpargana/gq/cmd/gq/main.go:54.3,58.30 5 0
github.com/jmpargana/gq/cmd/gq/main.go:58.30,60.4 1 0
github.com/jmpargana/gq/cmd/gq/main.go:62.3,62.13 1 0
github.com/jmpargana/gq/cmd/gq/main.go:66.27,68.16 2 0
github.com/jmpargana/gq/cmd/gq/main.go:68.16,70.3 1 0
github.com/jmpargana/gq/cmd/gq/main.go:73.2,73.40 1 0
github.com/jmpargana/gq/cmd/gq/main.go:73.40,75.3 1 0
github.com/jmpargana/gq/cmd/gq/main.go:77.2,77.12 1 0
github.com/jmpargana/gq/cmd/gq/main.go:82.16,84.16 2 0
github.com/jmpargana/gq/cmd/gq/main.go:84.16,86.3 1 0
github.com/jmpargana/gq/cmd/gq/main.go:89.13,100.2 2 0
github.com/jmpargana/gq/cmd/gq/main.go:102.13,104.2 1 0
github.com/jmpargana/gq/internal/ast/ast.go:7.53,11.30 2 0
github.com/jmpargana/gq/internal/ast/ast.go:11.30,13.3 1 0
github.com/jmpargana/gq/internal/ast/ast.go:15.2,15.31 1 0
github.com/jmpargana/gq/internal/ast/ast.go:15.31,17.3 1 0
github.com/jmpargana/gq/internal/ast/ast.go:19.2,19.22 1 0
github.com/jmpargana/gq/internal/ast/ast.go:20.13,21.36 1 0
github.com/jmpargana/gq/internal/ast/ast.go:22.20,27.15 5 0
github.com/jmpargana/gq/internal/ast/ast.go:28.19,29.29 1 0
github.com/jmpargana/gq/internal/ast/ast.go:32.2,32.13 1 0
github.com/jmpargana/gq/internal/ast/ast.go:35.37,39.30 2 0
github.com/jmpargana/gq/internal/ast/ast.go:39.30,41.3 1 0
github.com/jmpargana/gq/internal/ast/ast.go:43.2,43.31 1 0
github.com/jmpargana/gq/internal/ast/ast.go:43.31,45.3 1 0
github.com/jmpargana/gq/internal/ast/ast.go:47.2,47.22 1 0
github.com/jmpargana/gq/internal/ast/ast.go:48.13,49.30 1 0
github.com/jmpargana/gq/internal/ast/ast.go:50.20,51.21 1 0
github.com/jmpargana/gq/internal/ast/ast.go:52.19,53.23 1 0
github.com/jmpargana/gq/internal/ast/ast.go:56.2,56.13 1 0
github.com/jmpargana/gq/internal/ast/ast.go:59.32,61.31 2 0
github.com/jmpargana/gq/internal/ast/ast.go:61.31,63.3 1 0
github.com/jmpargana/gq/internal/ast/ast.go:64.2,64.10 1 0
github.com/jmpargana/gq/internal/ast/ast.go:68.32,70.29 2 0
github.com/jmpargana/gq/internal/ast/ast.go:70.29,71.22 1 0
github.com/jmpargana/gq/internal/ast/ast.go:71.22,74.4 2 0
github.com/jmpargana/gq/internal/ast/ast.go:75.3,75.24 1 0
github.com/jmpargana/gq/internal/ast/ast.go:75.24,78.4 2 0
github.com/jmpargana/gq/internal/ast/ast.go:80.2,80.13 1 0
github.com/jmpargana/gq/internal/ast/ast.go:83.48,85.24 2 0
github.com/jmpargana/gq/internal/ast/ast.go:85.24,88.30 2 0
github.com/jmpargana/gq/internal/ast/ast.go:88.30,89.18 1 0
github.com/jmpargana/gq/internal/ast/ast.go:90.15,92.20 2 0
github.com/jmpargana/gq/internal/ast/ast.go:93.17,95.21 2 0
github.com/jmpargana/gq/internal/ast/ast.go:96.17,99.17 3 0
github.com/jmpargana/gq/internal/ast/ast.go:103.3,103.34 1 0
github.com/jmpargana/gq/internal/ast/ast.go:105.2,105.14 1 0
github.com/jmpargana/gq/internal/ast/ast.go:108.48,110.22 2 0
github.com/jmpargana/gq/internal/ast/ast.go:110.22,112.3 1 0
github.com/jmpargana/gq/internal/ast/ast.go:113.2,113.15 1 0
github.com/jmpargana/gq/internal/ast/ast.go:116.48,118.24 2 0
github.com/jmpargana/gq/internal/ast/ast.go:118.24,124.32 2 0
github.com/jmpargana/gq/internal/ast/ast.go:124.32,133.31 5 0
github.com/jmpargana/gq/internal/ast/ast.go:133.31,134.33 1 0
github.com/jmpargana/gq/internal/ast/ast.go:134.33,138.6 3 0
github.com/jmpargana/gq/internal/ast/ast.go:141.4,141.27 1 0
github.com/jmpargana/gq/internal/ast/ast.go:145.3,145.30 1 0
github.com/jmpargana/gq/internal/ast/ast.go:145.30,147.4 1 0
github.com/jmpargana/gq/internal/ast/ast.go:149.2,149.14 1 0
github.com/jmpargana/gq/internal/ast/print.go:10.43,13.29 2 0
github.com/jmpargana/gq/internal/ast/print.go:13.29,15.3 1 0
github.com/jmpargana/gq/internal/ast/print.go:17.2,20.31 2 0
github.com/jmpargana/gq/internal/ast/print.go:20.31,22.3 1 0
github.com/jmpargana/gq/internal/ast/print.go:24.2,24.19 1 0
github.com/jmpargana/gq/internal/ast/print.go:27.42,30.16 2 0
github.com/jmpargana/gq/internal/ast/print.go:31.16,32.41 1 0
github.com/jmpargana/gq/internal/ast/print.go:33.15,34.28 1 0
github.com/jmpargana/gq/internal/ast/print.go:35.19,36.27 1 0
github.com/jmpargana/gq/internal/ast/print.go:37.14,38.27 1 0
github.com/jmpargana/gq/internal/ast/print.go:39.13,41.30 2 0
github.com/jmpargana/gq/internal/ast/print.go:41.30,43.33 2 0
github.com/jmpargana/gq/internal/ast/print.go:43.33,45.5 1 0
github.com/jmpargana/gq/internal/ast/print.go:46.4,46.18 1 0
github.com/jmpargana/gq/internal/ast/print.go:47.15,48.39 1 0
github.com/jmpargana/gq/internal/ast/print.go:49.16,50.28 1 0
github.com/jmpargana/gq/internal/ast/print.go:51.17,52.28 1 0
github.com/jmpargana/gq/internal/ast/print.go:53.17,54.41 1 0
github.com/jmpargana/gq/internal/ast/print.go:59.2,61.19 2 0
github.com/jmpargana/gq/internal/gqjson/jsonparser.go:9.42,12.6 3 0
github.com/jmpargana/gq/internal/gqjson/jsonparser.go:12.6,14.17 2 0
github.com/jmpargana/gq/internal/gqjson/jsonparser.go:14.17,16.4 1 0
github.com/jmpargana/gq/internal/gqjson/jsonparser.go:17.3,17.17 1 0
github.com/jmpargana/gq/internal/gqjson/jsonparser.go:17.17,19.4 1 0
github.com/jmpargana/gq/internal/gqjson/jsonparser.go:20.3,20.17 1 0
github.com/jmpargana/gq/internal/gqjson/jsonparser.go:20.17,22.12 2 0
github.com/jmpargana/gq/internal/gqjson/jsonparser.go:24.3,24.16 1 0
github.com/jmpargana/gq/internal/gqjson/jsonparser.go:24.16,26.4 1 0
github.com/jmpargana/gq/internal/gqjson/jsonparser.go:27.3,27.19 1 0
github.com/jmpargana/gq/internal/gqjson/jsonparser.go:31.48,33.6 2 0
github.com/jmpargana/gq/internal/gqjson/jsonparser.go:33.6,35.71 2 0
github.com/jmpargana/gq/internal/gqjson/jsonparser.go:35.71,36.9 1 0
github.com/jmpargana/gq/internal/gqjson/jsonparser.go:38.3,39.17 2 0
github.com/jmpargana/gq/internal/gqjson/jsonparser.go:39.17,40.9 1 0
github.com/jmpargana/gq/internal/gqjson/jsonparser.go:42.3,42.20 1 0
github.com/jmpargana/gq/internal/gqjson/jsonparser.go:45.2,45.22 1 0
github.com/jmpargana/gq/internal/gqjson/jsonparser.go:45.22,46.39 1 0
github.com/jmpargana/gq/internal/gqjson/jsonparser.go:46.39,49.4 2 0
github.com/jmpargana/gq/internal/gqjson/jsonparser.go:52.2,53.10 2 0
github.com/jmpargana/gq/internal/gqjson/jsonparser.go:56.47,59.15 3 0
github.com/jmpargana/gq/internal/gqjson/jsonparser.go:59.15,62.3 2 0
github.com/jmpargana/gq/internal/gqjson/jsonparser.go:63.2,63.25 1 0
github.com/jmpargana/gq/internal/gqjson/jsonparser.go:63.25,65.17 2 0
github.com/jmpargana/gq/internal/gqjson/jsonparser.go:65.17,66.14 1 0
github.com/jmpargana/gq/internal/gqjson/jsonparser.go:69.2,69.12 1 0
github.com/jmpargana/gq/internal/gqjson/jsonparser.go:72.39,74.6 2 0
github.com/jmpargana/gq/internal/gqjson/jsonparser.go:74.6,76.17 2 0
github.com/jmpargana/gq/internal/gqjson/jsonparser.go:76.17,77.9 1 0
github.com/jmpargana/gq/internal/gqjson/jsonparser.go:79.3,79.13 1 0
github.com/jmpargana/gq/internal/gqjson/jsonparser.go:80.12,81.37 1 0
github.com/jmpargana/gq/internal/gqjson/jsonparser.go:82.12,83.12 1 0
github.com/jmpargana/gq/internal/gqjson/jsonparser.go:84.12,85.14 1 0
github.com/jmpargana/gq/internal/gqjson/jsonparser.go:86.12,87.35 1 0
github.com/jmpargana/gq/internal/gqjson/jsonparser.go:88.12,89.37 1 0
github.com/jmpargana/gq/internal/gqjson/jsonparser.go:90.17,91.39 1 0
github.com/jmpargana/gq/internal/gqjson/jsonparser.go:92.57,93.41 1 0
github.com/jmpargana/gq/internal/gqjson/jsonparser.go:96.2,96.12 1 0
github.com/jmpargana/gq/internal/gqjson/jsonparser.go:99.39,104.6 5 0
github.com/jmpargana/gq/internal/gqjson/jsonparser.go:104.6,106.17 2 0
github.com/jmpargana/gq/internal/gqjson/jsonparser.go:106.17,107.9 1 0
github.com/jmpargana/gq/internal/gqjson/jsonparser.go:109.3,109.13 1 0
github.com/jmpargana/gq/internal/gqjson/jsonparser.go:110.12,111.4 1 0
github.com/jmpargana/gq/internal/gqjson/jsonparser.go:111.4,112.25 1 0
github.com/jmpargana/gq/internal/gqjson/jsonparser.go:112.25,114.6 1 0
github.com/jmpargana/gq/internal/gqjson/jsonparser.go:114.11,116.6 1 0
github.com/jmpargana/gq/internal/gqjson/jsonparser.go:118.12,119.4 1 0
github.com/jmpargana/gq/internal/gqjson/jsonparser.go:119.4,120.25 1 0
github.com/jmpargana/gq/internal/gqjson/jsonparser.go:120.25,122.6 1 0
github.com/jmpargana/gq/internal/gqjson/jsonparser.go:124.12,125.4 1 0
github.com/jmpargana/gq/internal/gqjson/jsonparser.go:125.4,127.12 2 0
github.com/jmpargana/gq/internal/gqjson/jsonparser.go:127.12,129.6 1 0
github.com/jmpargana/gq/internal/gqjson/jsonparser.go:129.11,132.6 2 0
github.com/jmpargana/gq/internal/gqjson/jsonparser.go:134.12,135.4 1 0
github.com/jmpargana/gq/internal/gqjson/jsonparser.go:135.4,137.5 1 0
github.com/jmpargana/gq/internal/gqjson/jsonparser.go:138.12,139.4 1 0
github.com/jmpargana/gq/internal/gqjson/jsonparser.go:139.4,141.5 1 0
github.com/jmpargana/gq/internal/gqjson/jsonparser.go:142.17,143.4 1 0
github.com/jmpargana/gq/internal/gqjson/jsonparser.go:143.4,146.5 2 0
github.com/jmpargana/gq/internal/gqjson/jsonparser.go:147.57,148.4 1 0
github.com/jmpargana/gq/internal/gqjson/jsonparser.go:148.4,151.5 2 0
github.com/jmpargana/gq/internal/gqjson/jsonparser.go:152.12,153.14 1 0
github.com/jmpargana/gq/internal/gqjson/jsonparser.go:154.12,155.14 1 0
github.com/jmpargana/gq/internal/gqjson/jsonparser.go:158.2,158.12 1 0
github.com/jmpargana/gq/internal/gqjson/printer.go:8.43,10.23 2 0
github.com/jmpargana/gq/internal/gqjson/printer.go:10.23,11.33 1 0
github.com/jmpargana/gq/internal/gqjson/printer.go:11.33,13.4 1 0
github.com/jmpargana/gq/internal/gqjson/printer.go:14.3,14.26 1 0
github.com/jmpargana/gq/internal/gqjson/printer.go:15.15,16.34 1 0
github.com/jmpargana/gq/internal/gqjson/printer.go:17.39,18.30 1 0
github.com/jmpargana/gq/internal/gqjson/printer.go:19.25,20.30 1 0
github.com/jmpargana/gq/internal/gqjson/printer.go:21.13,22.30 1 0
github.com/jmpargana/gq/internal/gqjson/printer.go:23.23,24.30 1 0
github.com/jmpargana/gq/internal/gqjson/printer.go:25.14,26.31 1 0
github.com/jmpargana/gq/internal/gqjson/printer.go:28.3,28.19 1 0
github.com/jmpargana/gq/internal/gqjson/printer.go:28.19,30.4 1 0
github.com/jmpargana/gq/internal/gqjson/printer.go:31.3,31.12 1 0
github.com/jmpargana/gq/internal/gqjson/printer.go:33.2,33.26 1 0
github.com/jmpargana/gq/internal/gqjson/printer.go:33.26,35.3 1 0
github.com/jmpargana/gq/internal/gqjson/printer.go:36.2,37.10 2 0
github.com/jmpargana/gq/internal/gqjson/printer.go:40.53,47.24 5 0
github.com/jmpargana/gq/internal/gqjson/printer.go:47.24,48.33 1 0
github.com/jmpargana/gq/internal/gqjson/printer.go:48.33,50.4 1 0
github.com/jmpargana/gq/internal/gqjson/printer.go:51.3,52.24 2 0
github.com/jmpargana/gq/internal/gqjson/printer.go:53.15,54.33 1 0
github.com/jmpargana/gq/internal/gqjson/printer.go:55.39,56.29 1 0
github.com/jmpargana/gq/internal/gqjson/printer.go:57.25,58.31 1 0
github.com/jmpargana/gq/internal/gqjson/printer.go:59.13,60.29 1 0
github.com/jmpargana/gq/internal/gqjson/printer.go:61.23,62.29 1 0
github.com/jmpargana/gq/internal/gqjson/printer.go:63.14,64.30 1 0
github.com/jmpargana/gq/internal/gqjson/printer.go:66.3,67.12 2 0
github.com/jmpargana/gq/internal/gqjson/printer.go:67.12,69.4 1 0
github.com/jmpargana/gq/internal/gqjson/printer.go:70.3,70.12 1 0
github.com/jmpargana/gq/internal/gqjson/printer.go:73.2,73.26 1 0
github.com/jmpargana/gq/internal/gqjson/printer.go:73.26,75.3 1 0
github.com/jmpargana/gq/internal/gqjson/printer.go:77.2,78.10 2 0
github.com/jmpargana/gq/internal/gqjson/printer.go:83.19,84.23 1 0
github.com/jmpargana/gq/internal/gqjson/printer.go:85.22,86.30 1 0
github.com/jmpargana/gq/internal/gqjson/printer.go:87.13,88.31 1 0
github.com/jmpargana/gq/internal/gqjson/printer.go:89.13,90.24 1 0
github.com/jmpargana/gq/internal/gqjson/printer.go:91.12,92.24 1 0
github.com/jmpargana/gq/internal/gqjson/printer.go:93.15,94.27 1 0
github.com/jmpargana/gq/internal/gqjson/printer.go:95.14,96.28 1 0
github.com/jmpargana/gq/internal/lexer/lexer.go:38.28,40.2 1 0
github.com/jmpargana/gq/internal/lexer/lexer.go:42.28,45.6 3 0
github.com/jmpargana/gq/internal/lexer/lexer.go:45.6,48.22 3 0
github.com/jmpargana/gq/internal/lexer/lexer.go:48.22,49.9 1 0
github.com/jmpargana/gq/internal/lexer/lexer.go:52.2,52.15 1 0
github.com/jmpargana/gq/internal/lexer/lexer.go:55.32,58.16 3 0
github.com/jmpargana/gq/internal/lexer/lexer.go:58.16,64.3 1 0
github.com/jmpargana/gq/internal/lexer/lexer.go:65.2,69.3 1 0
github.com/jmpargana/gq/internal/lexer/lexer.go:72.35,75.14 2 0
github.com/jmpargana/gq/internal/lexer/lexer.go:76.9,78.26 2 0
github.com/jmpargana/gq/internal/lexer/lexer.go:79.11,81.26 2 0
github.com/jmpargana/gq/internal/lexer/lexer.go:82.11,84.28 2 0
github.com/jmpargana/gq/internal/lexer/lexer.go:85.11,87.28 2 0
github.com/jmpargana/gq/internal/lexer/lexer.go:88.11,90.27 2 0
github.com/jmpargana/gq/internal/lexer/lexer.go:91.11,93.31 2 0
github.com/jmpargana/gq/internal/lexer/lexer.go:94.11,96.31 2 0
github.com/jmpargana/gq/internal/lexer/lexer.go:97.11,99.29 2 0
github.com/jmpargana/gq/internal/lexer/lexer.go:100.11,102.29 2 0
github.com/jmpargana/gq/internal/lexer/lexer.go:103.10,104.20 1 0
github.com/jmpargana/gq/internal/lexer/lexer.go:104.20,106.4 1 0
github.com/jmpargana/gq/internal/lexer/lexer.go:107.3,107.25 1 0
github.com/jmpargana/gq/internal/lexer/lexer.go:107.25,109.4 1 0
github.com/jmpargana/gq/internal/lexer/lexer.go:110.3,110.18 1 0
github.com/jmpargana/gq/internal/lexer/lexer.go:110.18,112.4 1 0
github.com/jmpargana/gq/internal/lexer/lexer.go:113.3,115.54 3 0
github.com/jmpargana/gq/internal/lexer/lexer.go:119.36,121.20 2 0
github.com/jmpargana/gq/internal/lexer/lexer.go:121.20,124.3 2 0
github.com/jmpargana/gq/internal/lexer/lexer.go:125.2,125.47 1 0
github.com/jmpargana/gq/internal/lexer/lexer.go:128.36,131.31 3 0
github.com/jmpargana/gq/internal/lexer/lexer.go:131.31,134.3 2 0
github.com/jmpargana/gq/internal/lexer/lexer.go:135.2,136.47 2 0
github.com/jmpargana/gq/internal/lexer/lexer.go:139.35,141.24 2 0
github.com/jmpargana/gq/internal/lexer/lexer.go:141.24,144.3 2 0
github.com/jmpargana/gq/internal/lexer/lexer.go:145.2,145.46 1 0
github.com/jmpargana/gq/internal/lexer/lexer.go:148.24,150.16 2 0
github.com/jmpargana/gq/internal/lexer/lexer.go:150.16,153.3 2 0
github.com/jmpargana/gq/internal/lexer/lexer.go:154.2,154.11 1 0
github.com/jmpargana/gq/internal/lexer/lexer.go:157.34,158.50 1 0
github.com/jmpargana/gq/internal/lexer/lexer.go:158.50,160.3 1 0
github.com/jmpargana/gq/internal/lexer/lexer.go:164.27,166.2 1 0
github.com/jmpargana/gq/internal/lexer/lexer.go:168.32,170.2 1 0
github.com/jmpargana/gq/internal/lexer/lexer.go:172.31,174.2 1 0
github.com/jmpargana/gq/internal/parser/parser.go:15.42,17.2 1 0
github.com/jmpargana/gq/internal/parser/parser.go:19.37,21.2 1 0
github.com/jmpargana/gq/internal/parser/parser.go:23.40,27.2 3 0
github.com/jmpargana/gq/internal/parser/parser.go:29.51,30.24 1 0
github.com/jmpargana/gq/internal/parser/parser.go:30.24,32.3 1 0
github.com/jmpargana/gq/internal/parser/parser.go:33.2,33.27 1 0
github.com/jmpargana/gq/internal/parser/parser.go:33.27,36.3 2 0
github.com/jmpargana/gq/internal/parser/parser.go:37.2,37.14 1 0
github.com/jmpargana/gq/internal/parser/parser.go:40.56,41.24 1 0
github.com/jmpargana/gq/internal/parser/parser.go:41.24,43.3 1 0
github.com/jmpargana/gq/internal/parser/parser.go:44.2,44.22 1 0
github.com/jmpargana/gq/internal/parser/parser.go:47.37,50.26 2 0
github.com/jmpargana/gq/internal/parser/parser.go:50.26,53.3 2 0
github.com/jmpargana/gq/internal/parser/parser.go:55.2,55.13 1 0
github.com/jmpargana/gq/internal/parser/parser.go:58.37,59.23 1 0
github.com/jmpargana/gq/internal/parser/parser.go:60.17,61.24 1 0
github.com/jmpargana/gq/internal/parser/parser.go:62.20,66.76 4 0
github.com/jmpargana/gq/internal/parser/parser.go:67.22,68.23 1 0
github.com/jmpargana/gq/internal/parser/parser.go:70.10,71.18 1 0
github.com/jmpargana/gq/internal/parser/parser.go:75.38,79.6 3 0
github.com/jmpargana/gq/internal/parser/parser.go:79.6,81.32 2 0
github.com/jmpargana/gq/internal/parser/parser.go:81.32,82.22 1 0
github.com/jmpargana/gq/internal/parser/parser.go:82.22,84.5 1 0
github.com/jmpargana/gq/internal/parser/parser.go:85.4,85.58 1 0
github.com/jmpargana/gq/internal/parser/parser.go:88.3,88.14 1 0
github.com/jmpargana/gq/internal/parser/parser.go:89.18,90.15 1 0
github.com/jmpargana/gq/internal/parser/parser.go:91.34,93.65 2 0
github.com/jmpargana/gq/internal/parser/parser.go:94.21,96.25 2 0
github.com/jmpargana/gq/internal/parser/parser.go:97.22,99.51 2 0
github.com/jmpargana/gq/internal/parser/parser.go:100.22,103.19 3 0
github.com/jmpargana/gq/internal/parser/parser.go:103.19,104.16 1 0
github.com/jmpargana/gq/internal/parser/parser.go:106.5,106.31 1 0
github.com/jmpargana/gq/internal/parser/parser.go:106.31,107.34 1 0
github.com/jmpargana/gq/internal/parser/parser.go:109.5,109.57 1 0
github.com/jmpargana/gq/internal/parser/parser.go:110.35,112.31 2 0
github.com/jmpargana/gq/internal/parser/parser.go:112.31,113.34 1 0
github.com/jmpargana/gq/internal/parser/parser.go:115.5,115.66 1 0
github.com/jmpargana/gq/internal/parser/parser.go:117.12,118.13 1 0
github.com/jmpargana/gq/internal/parser/parser.go:121.11,122.12 1 0
github.com/jmpargana/gq/internal/parser/parser.go:128.37,134.27 4 0
github.com/jmpargana/gq/internal/parser/parser.go:134.27,136.3 1 0
github.com/jmpargana/gq/internal/parser/parser.go:138.2,140.71 2 0
github.com/jmpargana/gq/internal/parser/parser.go:143.43,147.2 3 0
github.com/jmpargana/gq/internal/parser/parser.go:149.50,151.2 1 0
github.com/jmpargana/gq/internal/utils/types.go:40.25,44.2 1 0
github.com/jmpargana/gq/cmd/gq/main.go:25.51,27.18 2 0
github.com/jmpargana/gq/cmd/gq/main.go:27.18,30.4 2 0
github.com/jmpargana/gq/cmd/gq/main.go:32.3,32.40 1 0
github.com/jmpargana/gq/cmd/gq/main.go:32.40,34.4 1 0
github.com/jmpargana/gq/cmd/gq/main.go:36.3,36.23 1 0
github.com/jmpargana/gq/cmd/gq/main.go:36.23,38.4 1 0
github.com/jmpargana/gq/cmd/gq/main.go:40.3,48.12 6 0
github.com/jmpargana/gq/cmd/gq/main.go:48.12,52.4 3 0
github.com/jmpargana/gq/cmd/gq/main.go:54.3,58.30 5 0
github.com/jmpargana/gq/cmd/gq/main.go:58.30,60.4 1 0
github.com/jmpargana/gq/cmd/gq/main.go:62.3,62.13 1 0
github.com/jmpargana/gq/cmd/gq/main.go:66.27,68.16 2 0
github.com/jmpargana/gq/cmd/gq/main.go:68.16,70.3 1 0
github.com/jmpargana/gq/cmd/gq/main.go:73.2,73.40 1 0
github.com/jmpargana/gq/cmd/gq/main.go:73.40,75.3 1 0
github.com/jmpargana/gq/cmd/gq/main.go:77.2,77.12 1 0
github.com/jmpargana/gq/cmd/gq/main.go:82.16,84.16 2 0
github.com/jmpargana/gq/cmd/gq/main.go:84.16,86.3 1 0
github.com/jmpargana/gq/cmd/gq/main.go:89.13,100.2 2 0
github.com/jmpargana/gq/cmd/gq/main.go:102.13,104.2 1 0
github.com/jmpargana/gq/internal/ast/ast.go:7.53,11.30 2 0
github.com/jmpargana/gq/internal/ast/ast.go:11.30,13.3 1 0
github.com/jmpargana/gq/internal/ast/ast.go:15.2,15.31 1 0
github.com/jmpargana/gq/internal/ast/ast.go:15.31,17.3 1 0
github.com/jmpargana/gq/internal/ast/ast.go:19.2,19.22 1 0
github.com/jmpargana/gq/internal/ast/ast.go:20.13,21.36 1 0
github.com/jmpargana/gq/internal/ast/ast.go:22.20,27.15 5 0
github.com/jmpargana/gq/internal/ast/ast.go:28.19,29.29 1 0
github.com/jmpargana/gq/internal/ast/ast.go:32.2,32.13 1 0
github.com/jmpargana/gq/internal/ast/ast.go:35.37,39.30 2 0
github.com/jmpargana/gq/internal/ast/ast.go:39.30,41.3 1 0
github.com/jmpargana/gq/internal/ast/ast.go:43.2,43.31 1 0
github.com/jmpargana/gq/internal/ast/ast.go:43.31,45.3 1 0
github.com/jmpargana/gq/internal/ast/ast.go:47.2,47.22 1 0
github.com/jmpargana/gq/internal/ast/ast.go:48.13,49.30 1 0
github.com/jmpargana/gq/internal/ast/ast.go:50.20,51.21 1 0
github.com/jmpargana/gq/internal/ast/ast.go:52.19,53.23 1 0
github.com/jmpargana/gq/internal/ast/ast.go:56.2,56.13 1 0
github.com/jmpargana/gq/internal/ast/ast.go:59.32,61.31 2 0
github.com/jmpargana/gq/internal/ast/ast.go:61.31,63.3 1 0
github.com/jmpargana/gq/internal/ast/ast.go:64.2,64.10 1 0
github.com/jmpargana/gq/internal/ast/ast.go:68.32,70.29 2 0
github.com/jmpargana/gq/internal/ast/ast.go:70.29,71.22 1 0
github.com/jmpargana/gq/internal/ast/ast.go:71.22,74.4 2 0
github.com/jmpargana/gq/internal/ast/ast.go:75.3,75.24 1 0
github.com/jmpargana/gq/internal/ast/ast.go:75.24,78.4 2 0
github.com/jmpargana/gq/internal/ast/ast.go:80.2,80.13 1 0
github.com/jmpargana/gq/internal/ast/ast.go:83.48,85.24 2 0
github.com/jmpargana/gq/internal/ast/ast.go:85.24,88.30 2 0
github.com/jmpargana/gq/internal/ast/ast.go:88.30,89.18 1 0
github.com/jmpargana/gq/internal/ast/ast.go:90.15,92.20 2 0
github.com/jmpargana/gq/internal/ast/ast.go:93.17,95.21 2 0
github.com/jmpargana/gq/internal/ast/ast.go:96.17,99.17 3 0
github.com/jmpargana/gq/internal/ast/ast.go:103.3,103.34 1 0
github.com/jmpargana/gq/internal/ast/ast.go:105.2,105.14 1 0
github.com/jmpargana/gq/internal/ast/ast.go:108.48,110.22 2 0
github.com/jmpargana/gq/internal/ast/ast.go:110.22,112.3 1 0
github.com/jmpargana/gq/internal/ast/ast.go:113.2,113.15 1 0
github.com/jmpargana/gq/internal/ast/ast.go:116.48,118.24 2 0
github.com/jmpargana/gq/internal/ast/ast.go:118.24,124.32 2 0
github.com/jmpargana/gq/internal/ast/ast.go:124.32,133.31 5 0
github.com/jmpargana/gq/internal/ast/ast.go:133.31,134.33 1 0
github.com/jmpargana/gq/internal/ast/ast.go:134.33,138.6 3 0
github.com/jmpargana/gq/internal/ast/ast.go:141.4,141.27 1 0
github.com/jmpargana/gq/internal/ast/ast.go:145.3,145.30 1 0
github.com/jmpargana/gq/internal/ast/ast.go:145.30,147.4 1 0
github.com/jmpargana/gq/internal/ast/ast.go:149.2,149.14 1 0
github.com/jmpargana/gq/internal/ast/print.go:10.43,13.29 2 0
github.com/jmpargana/gq/internal/ast/print.go:13.29,15.3 1 0
github.com/jmpargana/gq/internal/ast/print.go:17.2,20.31 2 0
github.com/jmpargana/gq/internal/ast/print.go:20.31,22.3 1 0
github.com/jmpargana/gq/internal/ast/print.go:24.2,24.19 1 0
github.com/jmpargana/gq/internal/ast/print.go:27.42,30.16 2 0
github.com/jmpargana/gq/internal/ast/print.go:31.16,32.41 1 0
github.com/jmpargana/gq/internal/ast/print.go:33.15,34.28 1 0
github.com/jmpargana/gq/internal/ast/print.go:35.19,36.27 1 0
github.com/jmpargana/gq/internal/ast/print.go:37.14,38.27 1 0
github.com/jmpargana/gq/internal/ast/print.go:39.13,41.30 2 0
github.com/jmpargana/gq/internal/ast/print.go:41.30,43.33 2 0
github.com/jmpargana/gq/internal/ast/print.go:43.33,45.5 1 0
github.com/jmpargana/gq/internal/ast/print.go:46.4,46.18 1 0
github.com/jmpargana/gq/internal/ast/print.go:47.15,48.39 1 0
github.com/jmpargana/gq/internal/ast/print.go:49.16,50.28 1 0
github.com/jmpargana/gq/internal/ast/print.go:51.17,52.28 1 0
github.com/jmpargana/gq/internal/ast/print.go:53.17,54.41 1 0
github.com/jmpargana/gq/internal/ast/print.go:59.2,61.19 2 0
github.com/jmpargana/gq/internal/gqjson/jsonparser.go:9.42,12.6 3 0
github.com/jmpargana/gq/internal/gqjson/jsonparser.go:12.6,14.17 2 0
github.com/jmpargana/gq/internal/gqjson/jsonparser.go:14.17,16.4 1 0
github.com/jmpargana/gq/internal/gqjson/jsonparser.go:17.3,17.17 1 0
github.com/jmpargana/gq/internal/gqjson/jsonparser.go:17.17,19.4 1 0
github.com/jmpargana/gq/internal/gqjson/jsonparser.go:20.3,20.17 1 0
github.com/jmpargana/gq/internal/gqjson/jsonparser.go:20.17,22.12 2 0
github.com/jmpargana/gq/internal/gqjson/jsonparser.go:24.3,24.16 1 0
github.com/jmpargana/gq/internal/gqjson/jsonparser.go:24.16,26.4 1 0
github.com/jmpargana/gq/internal/gqjson/jsonparser.go:27.3,27.19 1 0
github.com/jmpargana/gq/internal/gqjson/jsonparser.go:31.48,33.6 2 0
github.com/jmpargana/gq/internal/gqjson/jsonparser.go:33.6,35.71 2 0
github.com/jmpargana/gq/internal/gqjson/jsonparser.go:35.71,36.9 1 0
github.com/jmpargana/gq/internal/gqjson/jsonparser.go:38.3,39.17 2 0
github.com/jmpargana/gq/internal/gqjson/jsonparser.go:39.17,40.9 1 0
github.com/jmpargana/gq/internal/gqjson/jsonparser.go:42.3,42.20 1 0
github.com/jmpargana/gq/internal/gqjson/jsonparser.go:45.2,45.22 1 0
github.com/jmpargana/gq/internal/gqjson/jsonparser.go:45.22,46.39 1 0
github.com/jmpargana/gq/internal/gqjson/jsonparser.go:46.39,49.4 2 0
github.com/jmpargana/gq/internal/gqjson/jsonparser.go:52.2,53.10 2 0
github.com/jmpargana/gq/internal/gqjson/jsonparser.go:56.47,59.15 3 0
github.com/jmpargana/gq/internal/gqjson/jsonparser.go:59.15,62.3 2 0
github.com/jmpargana/gq/internal/gqjson/jsonparser.go:63.2,63.25 1 0
github.com/jmpargana/gq/internal/gqjson/jsonparser.go:63.25,65.17 2 0
github.com/jmpargana/gq/internal/gqjson/jsonparser.go:65.17,66.14 1 0
github.com/jmpargana/gq/internal/gqjson/jsonparser.go:69.2,69.12 1 0
github.com/jmpargana/gq/internal/gqjson/jsonparser.go:72.39,74.6 2 0
github.com/jmpargana/gq/internal/gqjson/jsonparser.go:74.6,76.17 2 0
github.com/jmpargana/gq/internal/gqjson/jsonparser.go:76.17,77.9 1 0
github.com/jmpargana/gq/internal/gqjson/jsonparser.go:79.3,79.13 1 0
github.com/jmpargana/gq/internal/gqjson/jsonparser.go:80.12,81.37 1 0
github.com/jmpargana/gq/internal/gqjson/jsonparser.go:82.12,83.12 1 0
github.com/jmpargana/gq/internal/gqjson/jsonparser.go:84.12,85.14 1 0
github.com/jmpargana/gq/internal/gqjson/jsonparser.go:86.12,87.35 1 0
github.com/jmpargana/gq/internal/gqjson/jsonparser.go:88.12,89.37 1 0
github.com/jmpargana/gq/internal/gqjson/jsonparser.go:90.17,91.39 1 0
github.com/jmpargana/gq/internal/gqjson/jsonparser.go:92.57,93.41 1 0
github.com/jmpargana/gq/internal/gqjson/jsonparser.go:96.2,96.12 1 0
github.com/jmpargana/gq/internal/gqjson/jsonparser.go:99.39,104.6 5 0
github.com/jmpargana/gq/internal/gqjson/jsonparser.go:104.6,106.17 2 0
github.com/jmpargana/gq/internal/gqjson/jsonparser.go:106.17,107.9 1 0
github.com/jmpargana/gq/internal/gqjson/jsonparser.go:109.3,109.13 1 0
github.com/jmpargana/gq/internal/gqjson/jsonparser.go:110.12,111.4 1 0
github.com/jmpargana/gq/internal/gqjson/jsonparser.go:111.4,112.25 1 0
github.com/jmpargana/gq/internal/gqjson/jsonparser.go:112.25,114.6 1 0
github.com/jmpargana/gq/internal/gqjson/jsonparser.go:114.11,116.6 1 0
github.com/jmpargana/gq/internal/gqjson/jsonparser.go:118.12,119.4 1 0
github.com/jmpargana/gq/internal/gqjson/jsonparser.go:119.4,120.25 1 0
github.com/jmpargana/gq/internal/gqjson/jsonparser.go:120.25,122.6 1 0
github.com/jmpargana/gq/internal/gqjson/jsonparser.go:124.12,125.4 1 0
github.com/jmpargana/gq/internal/gqjson/jsonparser.go:125.4,127.12 2 0
github.com/jmpargana/gq/internal/gqjson/jsonparser.go:127.12,129.6 1 0
github.com/jmpargana/gq/internal/gqjson/jsonparser.go:129.11,132.6 2 0
github.com/jmpargana/gq/internal/gqjson/jsonparser.go:134.12,135.4 1 0
github.com/jmpargana/gq/internal/gqjson/jsonparser.go:135.4,137.5 1 0
github.com/jmpargana/gq/internal/gqjson/jsonparser.go:138.12,139.4 1 0
github.com/jmpargana/gq/internal/gqjson/jsonparser.go:139.4,141.5 1 0
github.com/jmpargana/gq/internal/gqjson/jsonparser.go:142.17,143.4 1 0
github.com/jmpargana/gq/internal/gqjson/jsonparser.go:143.4,146.5 2 0
github.com/jmpargana/gq/internal/gqjson/jsonparser.go:147.57,148.4 1 0
github.com/jmpargana/gq/internal/gqjson/jsonparser.go:148.4,151.5 2 0
github.com/jmpargana/gq/internal/gqjson/jsonparser.go:152.12,153.14 1 0
github.com/jmpargana/gq/internal/gqjson/jsonparser.go:154.12,155.14 1 0
github.com/jmpargana/gq/internal/gqjson/jsonparser.go:158.2,158.12 1 0
github.com/jmpargana/gq/internal/gqjson/printer.go:8.43,10.23 2 0
github.com/jmpargana/gq/internal/gqjson/printer.go:10.23,11.33 1 0
github.com/jmpargana/gq/internal/gqjson/printer.go:11.33,13.4 1 0
github.com/jmpargana/gq/internal/gqjson/printer.go:14.3,14.26 1 0
github.com/jmpargana/gq/internal/gqjson/printer.go:15.15,16.34 1 0
github.com/jmpargana/gq/internal/gqjson/printer.go:17.39,18.30 1 0
github.com/jmpargana/gq/internal/gqjson/printer.go:19.25,20.30 1 0
github.com/jmpargana/gq/internal/gqjson/printer.go:21.13,22.30 1 0
github.com/jmpargana/gq/internal/gqjson/printer.go:23.23,24.30 1 0
github.com/jmpargana/gq/internal/gqjson/printer.go:25.14,26.31 1 0
github.com/jmpargana/gq/internal/gqjson/printer.go:28.3,28.19 1 0
github.com/jmpargana/gq/internal/gqjson/printer.go:28.19,30.4 1 0
github.com/jmpargana/gq/internal/gqjson/printer.go:31.3,31.12 1 0
github.com/jmpargana/gq/internal/gqjson/printer.go:33.2,33.26 1 0
github.com/jmpargana/gq/internal/gqjson/printer.go:33.26,35.3 1 0
github.com/jmpargana/gq/internal/gqjson/printer.go:36.2,37.10 2 0
github.com/jmpargana/gq/internal/gqjson/printer.go:40.53,47.24 5 0
github.com/jmpargana/gq/internal/gqjson/printer.go:47.24,48.33 1 0
github.com/jmpargana/gq/internal/gqjson/printer.go:48.33,50.4 1 0
github.com/jmpargana/gq/internal/gqjson/printer.go:51.3,52.24 2 0
github.com/jmpargana/gq/internal/gqjson/printer.go:53.15,54.33 1 0
github.com/jmpargana/gq/internal/gqjson/printer.go:55.39,56.29 1 0
github.com/jmpargana/gq/internal/gqjson/printer.go:57.25,58.31 1 0
github.com/jmpargana/gq/internal/gqjson/printer.go:59.13,60.29 1 0
github.com/jmpargana/gq/internal/gqjson/printer.go:61.23,62.29 1 0
github.com/jmpargana/gq/internal/gqjson/printer.go:63.14,64.30 1 0
github.com/jmpargana/gq/internal/gqjson/printer.go:66.3,67.12 2 0
github.com/jmpargana/gq/internal/gqjson/printer.go:67.12,69.4 1 0
github.com/jmpargana/gq/internal/gqjson/printer.go:70.3,70.12 1 0
github.com/jmpargana/gq/internal/gqjson/printer.go:73.2,73.26 1 0
github.com/jmpargana/gq/internal/gqjson/printer.go:73.26,75.3 1 0
github.com/jmpargana/gq/internal/gqjson/printer.go:77.2,78.10 2 0
github.com/jmpargana/gq/internal/gqjson/printer.go:83.19,84.23 1 0
github.com/jmpargana/gq/internal/gqjson/printer.go:85.22,86.30 1 0
github.com/jmpargana/gq/internal/gqjson/printer.go:87.13,88.31 1 0
github.com/jmpargana/gq/internal/gqjson/printer.go:89.13,90.24 1 0
github.com/jmpargana/gq/internal/gqjson/printer.go:91.12,92.24 1 0
github.com/jmpargana/gq/internal/gqjson/printer.go:93.15,94.27 1 0
github.com/jmpargana/gq/internal/gqjson/printer.go:95.14,96.28 1 0
github.com/jmpargana/gq/internal/lexer/lexer.go:38.28,40.2 1 0
github.com/jmpargana/gq/internal/lexer/lexer.go:42.28,45.6 3 0
github.com/jmpargana/gq/internal/lexer/lexer.go:45.6,48.22 3 0
github.com/jmpargana/gq/internal/lexer/lexer.go:48.22,49.9 1 0
github.com/jmpargana/gq/internal/lexer/lexer.go:52.2,52.15 1 0
github.com/jmpargana/gq/internal/lexer/lexer.go:55.32,58.16 3 0
github.com/jmpargana/gq/internal/lexer/lexer.go:58.16,64.3 1 0
github.com/jmpargana/gq/internal/lexer/lexer.go:65.2,69.3 1 0
github.com/jmpargana/gq/internal/lexer/lexer.go:72.35,75.14 2 0
github.com/jmpargana/gq/internal/lexer/lexer.go:76.9,78.26 2 0
github.com/jmpargana/gq/internal/lexer/lexer.go:79.11,81.26 2 0
github.com/jmpargana/gq/internal/lexer/lexer.go:82.11,84.28 2 0
github.com/jmpargana/gq/internal/lexer/lexer.go:85.11,87.28 2 0
github.com/jmpargana/gq/internal/lexer/lexer.go:88.11,90.27 2 0
github.com/jmpargana/gq/internal/lexer/lexer.go:91.11,93.31 2 0
github.com/jmpargana/gq/internal/lexer/lexer.go:94.11,96.31 2 0
github.com/jmpargana/gq/internal/lexer/lexer.go:97.11,99.29 2 0
github.com/jmpargana/gq/internal/lexer/lexer.go:100.11,102.29 2 0
github.com/jmpargana/gq/internal/lexer/lexer.go:103.10,104.20 1 0
github.com/jmpargana/gq/internal/lexer/lexer.go:104.20,106.4 1 0
github.com/jmpargana/gq/internal/lexer/lexer.go:107.3,107.25 1 0
github.com/jmpargana/gq/internal/lexer/lexer.go:107.25,109.4 1 0
github.com/jmpargana/gq/internal/lexer/lexer.go:110.3,110.18 1 0
github.com/jmpargana/gq/internal/lexer/lexer.go:110.18,112.4 1 0
github.com/jmpargana/gq/internal/lexer/lexer.go:113.3,115.54 3 0
github.com/jmpargana/gq/internal/lexer/lexer.go:119.36,121.20 2 0
github.com/jmpargana/gq/internal/lexer/lexer.go:121.20,124.3 2 0
github.com/jmpargana/gq/internal/lexer/lexer.go:125.2,125.47 1 0
github.com/jmpargana/gq/internal/lexer/lexer.go:128.36,131.31 3 0
github.com/jmpargana/gq/internal/lexer/lexer.go:131.31,134.3 2 0
github.com/jmpargana/gq/internal/lexer/lexer.go:135.2,136.47 2 0
github.com/jmpargana/gq/internal/lexer/lexer.go:139.35,141.24 2 0
github.com/jmpargana/gq/internal/lexer/lexer.go:141.24,144.3 2 0
github.com/jmpargana/gq/internal/lexer/lexer.go:145.2,145.46 1 0
github.com/jmpargana/gq/internal/lexer/lexer.go:148.24,150.16 2 0
github.com/jmpargana/gq/internal/lexer/lexer.go:150.16,153.3 2 0
github.com/jmpargana/gq/internal/lexer/lexer.go:154.2,154.11 1 0
github.com/jmpargana/gq/internal/lexer/lexer.go:157.34,158.50 1 0
github.com/jmpargana/gq/internal/lexer/lexer.go:158.50,160.3 1 0
github.com/jmpargana/gq/internal/lexer/lexer.go:164.27,166.2 1 0
github.com/jmpargana/gq/internal/lexer/lexer.go:168.32,170.2 1 0
github.com/jmpargana/gq/internal/lexer/lexer.go:172.31,174.2 1 0
github.com/jmpargana/gq/internal/parser/parser.go:15.42,17.2 1 20
github.com/jmpargana/gq/internal/parser/parser.go:19.37,21.2 1 228
github.com/jmpargana/gq/internal/parser/parser.go:23.40,27.2 3 125
github.com/jmpargana/gq/internal/parser/parser.go:29.51,30.24 1 59
github.com/jmpargana/gq/internal/parser/parser.go:30.24,32.3 1 0
github.com/jmpargana/gq/internal/parser/parser.go:33.2,33.27 1 59
github.com/jmpargana/gq/internal/parser/parser.go:33.27,36.3 2 21
github.com/jmpargana/gq/internal/parser/parser.go:37.2,37.14 1 38
github.com/jmpargana/gq/internal/parser/parser.go:40.56,41.24 1 59
github.com/jmpargana/gq/internal/parser/parser.go:41.24,43.3 1 59
github.com/jmpargana/gq/internal/parser/parser.go:44.2,44.22 1 0
github.com/jmpargana/gq/internal/parser/parser.go:47.37,50.26 2 35
github.com/jmpargana/gq/internal/parser/parser.go:50.26,53.3 2 7
github.com/jmpargana/gq/internal/parser/parser.go:55.2,55.13 1 35
github.com/jmpargana/gq/internal/parser/parser.go:58.37,59.23 1 42
github.com/jmpargana/gq/internal/parser/parser.go:60.17,61.24 1 31
github.com/jmpargana/gq/internal/parser/parser.go:62.20,66.76 4 8
github.com/jmpargana/gq/internal/parser/parser.go:67.22,68.23 1 3
github.com/jmpargana/gq/internal/parser/parser.go:70.10,71.18 1 0
github.com/jmpargana/gq/internal/parser/parser.go:75.38,79.6 3 31
github.com/jmpargana/gq/internal/parser/parser.go:79.6,81.32 2 55
github.com/jmpargana/gq/internal/parser/parser.go:81.32,82.22 1 31
github.com/jmpargana/gq/internal/parser/parser.go:82.22,84.5 1 14
github.com/jmpargana/gq/internal/parser/parser.go:85.4,85.58 1 31
github.com/jmpargana/gq/internal/parser/parser.go:88.3,88.14 1 24
github.com/jmpargana/gq/internal/parser/parser.go:89.18,90.15 1 2
github.com/jmpargana/gq/internal/parser/parser.go:91.34,93.65 2 9
github.com/jmpargana/gq/internal/parser/parser.go:94.21,96.25 2 13
github.com/jmpargana/gq/internal/parser/parser.go:97.22,99.51 2 3
github.com/jmpargana/gq/internal/parser/parser.go:100.22,103.19 3 6
github.com/jmpargana/gq/internal/parser/parser.go:103.19,104.16 1 0
github.com/jmpargana/gq/internal/parser/parser.go:106.5,106.31 1 6
github.com/jmpargana/gq/internal/parser/parser.go:106.31,107.34 1 0
github.com/jmpargana/gq/internal/parser/parser.go:109.5,109.57 1 6
github.com/jmpargana/gq/internal/parser/parser.go:110.35,112.31 2 4
github.com/jmpargana/gq/internal/parser/parser.go:112.31,113.34 1 0
github.com/jmpargana/gq/internal/parser/parser.go:115.5,115.66 1 4
github.com/jmpargana/gq/internal/parser/parser.go:117.12,118.13 1 0
github.com/jmpargana/gq/internal/parser/parser.go:121.11,122.12 1 0
github.com/jmpargana/gq/internal/parser/parser.go:128.37,134.27 4 3
github.com/jmpargana/gq/internal/parser/parser.go:134.27,136.3 1 4
github.com/jmpargana/gq/internal/parser/parser.go:138.2,140.71 2 3
github.com/jmpargana/gq/internal/parser/parser.go:143.43,147.2 3 7
github.com/jmpargana/gq/internal/parser/parser.go:149.50,151.2 1 55
github.com/jmpargana/gq/internal/utils/types.go:40.25,44.2 1 0
github.com/jmpargana/gq/cmd/gq/main.go:25.51,27.18 2 0
github.com/jmpargana/gq/cmd/gq/main.go:27.18,30.4 2 0
github.com/jmpargana/gq/cmd/gq/main.go:32.3,32.40 1 0
github.com/jmpargana/gq/cmd/gq/main.go:32.40,34.4 1 0
github.com/jmpargana/gq/cmd/gq/main.go:36.3,36.23 1 0
github.com/jmpargana/gq/cmd/gq/main.go:36.23,38.4 1 0
github.com/jmpargana/gq/cmd/gq/main.go:40.3,48.12 6 0
github.com/jmpargana/gq/cmd/gq/main.go:48.12,52.4 3 0
github.com/jmpargana/gq/cmd/gq/main.go:54.3,58.30 5 0
github.com/jmpargana/gq/cmd/gq/main.go:58.30,60.4 1 0
github.com/jmpargana/gq/cmd/gq/main.go:62.3,62.13 1 0
github.com/jmpargana/gq/cmd/gq/main.go:66.27,68.16 2 0
github.com/jmpargana/gq/cmd/gq/main.go:68.16,70.3 1 0
github.com/jmpargana/gq/cmd/gq/main.go:73.2,73.40 1 0
github.com/jmpargana/gq/cmd/gq/main.go:73.40,75.3 1 0
github.com/jmpargana/gq/cmd/gq/main.go:77.2,77.12 1 0
github.com/jmpargana/gq/cmd/gq/main.go:82.16,84.16 2 0
github.com/jmpargana/gq/cmd/gq/main.go:84.16,86.3 1 0
github.com/jmpargana/gq/cmd/gq/main.go:89.13,100.2 2 0
github.com/jmpargana/gq/cmd/gq/main.go:102.13,104.2 1 0
github.com/jmpargana/gq/internal/ast/ast.go:7.53,11.30 2 36
github.com/jmpargana/gq/internal/ast/ast.go:11.30,13.3 1 7
github.com/jmpargana/gq/internal/ast/ast.go:15.2,15.31 1 29
github.com/jmpargana/gq/internal/ast/ast.go:15.31,17.3 1 17
github.com/jmpargana/gq/internal/ast/ast.go:19.2,19.22 1 29
github.com/jmpargana/gq/internal/ast/ast.go:20.13,21.36 1 18
github.com/jmpargana/gq/internal/ast/ast.go:22.20,27.15 5 2
github.com/jmpargana/gq/internal/ast/ast.go:28.19,29.29 1 5
github.com/jmpargana/gq/internal/ast/ast.go:32.2,32.13 1 29
github.com/jmpargana/gq/internal/ast/ast.go:35.37,39.30 2 17
github.com/jmpargana/gq/internal/ast/ast.go:39.30,41.3 1 1
github.com/jmpargana/gq/internal/ast/ast.go:43.2,43.31 1 16
github.com/jmpargana/gq/internal/ast/ast.go:43.31,45.3 1 8
github.com/jmpargana/gq/internal/ast/ast.go:47.2,47.22 1 16
github.com/jmpargana/gq/internal/ast/ast.go:48.13,49.30 1 10
github.com/jmpargana/gq/internal/ast/ast.go:50.20,51.21 1 3
github.com/jmpargana/gq/internal/ast/ast.go:52.19,53.23 1 1
github.com/jmpargana/gq/internal/ast/ast.go:56.2,56.13 1 16
github.com/jmpargana/gq/internal/ast/ast.go:59.32,61.31 2 1
github.com/jmpargana/gq/internal/ast/ast.go:61.31,63.3 1 1
github.com/jmpargana/gq/internal/ast/ast.go:64.2,64.10 1 1
github.com/jmpargana/gq/internal/ast/ast.go:68.32,70.29 2 10
github.com/jmpargana/gq/internal/ast/ast.go:70.29,71.22 1 23
github.com/jmpargana/gq/internal/ast/ast.go:71.22,74.4 2 13
github.com/jmpargana/gq/internal/ast/ast.go:75.3,75.24 1 23
github.com/jmpargana/gq/internal/ast/ast.go:75.24,78.4 2 9
github.com/jmpargana/gq/internal/ast/ast.go:80.2,80.13 1 10
github.com/jmpargana/gq/internal/ast/ast.go:83.48,85.24 2 18
github.com/jmpargana/gq/internal/ast/ast.go:85.24,88.30 2 19
github.com/jmpargana/gq/internal/ast/ast.go:88.30,89.18 1 19
github.com/jmpargana/gq/internal/ast/ast.go:90.15,92.20 2 0
github.com/jmpargana/gq/internal/ast/ast.go:93.17,95.21 2 4
github.com/jmpargana/gq/internal/ast/ast.go:96.17,99.17 3 15
github.com/jmpargana/gq/internal/ast/ast.go:103.3,103.34 1 4
github.com/jmpargana/gq/internal/ast/ast.go:105.2,105.14 1 3
github.com/jmpargana/gq/internal/ast/ast.go:108.48,110.22 2 16
github.com/jmpargana/gq/internal/ast/ast.go:110.22,112.3 1 6
github.com/jmpargana/gq/internal/ast/ast.go:113.2,113.15 1 16
github.com/jmpargana/gq/internal/ast/ast.go:116.48,118.24 2 5
github.com/jmpargana/gq/internal/ast/ast.go:118.24,124.32 2 8
github.com/jmpargana/gq/internal/ast/ast.go:124.32,133.31 5 11
github.com/jmpargana/gq/internal/ast/ast.go:133.31,134.33 1 12
github.com/jmpargana/gq/internal/ast/ast.go:134.33,138.6 3 16
github.com/jmpargana/gq/internal/ast/ast.go:141.4,141.27 1 11
github.com/jmpargana/gq/internal/ast/ast.go:145.3,145.30 1 8
github.com/jmpargana/gq/internal/ast/ast.go:145.30,147.4 1 12
github.com/jmpargana/gq/internal/ast/ast.go:149.2,149.14 1 5
github.com/jmpargana/gq/internal/ast/print.go:10.43,13.29 2 0
github.com/jmpargana/gq/internal/ast/print.go:13.29,15.3 1 0
github.com/jmpargana/gq/internal/ast/print.go:17.2,20.31 2 0
github.com/jmpargana/gq/internal/ast/print.go:20.31,22.3 1 0
github.com/jmpargana/gq/internal/ast/print.go:24.2,24.19 1 0
github.com/jmpargana/gq/internal/ast/print.go:27.42,30.16 2 0
github.com/jmpargana/gq/internal/ast/print.go:31.16,32.41 1 0
github.com/jmpargana/gq/internal/ast/print.go:33.15,34.28 1 0
github.com/jmpargana/gq/internal/ast/print.go:35.19,36.27 1 0
github.com/jmpargana/gq/internal/ast/print.go:37.14,38.27 1 0
github.com/jmpargana/gq/internal/ast/print.go:39.13,41.30 2 0
github.com/jmpargana/gq/internal/ast/print.go:41.30,43.33 2 0
github.com/jmpargana/gq/internal/ast/print.go:43.33,45.5 1 0
github.com/jmpargana/gq/internal/ast/print.go:46.4,46.18 1 0
github.com/jmpargana/gq/internal/ast/print.go:47.15,48.39 1 0
github.com/jmpargana/gq/internal/ast/print.go:49.16,50.28 1 0
github.com/jmpargana/gq/internal/ast/print.go:51.17,52.28 1 0
github.com/jmpargana/gq/internal/ast/print.go:53.17,54.41 1 0
github.com/jmpargana/gq/internal/ast/print.go:59.2,61.19 2 0
github.com/jmpargana/gq/internal/gqjson/jsonparser.go:9.42,12.6 3 18
github.com/jmpargana/gq/internal/gqjson/jsonparser.go:12.6,14.17 2 36
github.com/jmpargana/gq/internal/gqjson/jsonparser.go:14.17,16.4 1 0
github.com/jmpargana/gq/internal/gqjson/jsonparser.go:17.3,17.17 1 36
github.com/jmpargana/gq/internal/gqjson/jsonparser.go:17.17,19.4 1 0
github.com/jmpargana/gq/internal/gqjson/jsonparser.go:20.3,20.17 1 36
github.com/jmpargana/gq/internal/gqjson/jsonparser.go:20.17,22.12 2 0
github.com/jmpargana/gq/internal/gqjson/jsonparser.go:24.3,24.16 1 36
github.com/jmpargana/gq/internal/gqjson/jsonparser.go:24.16,26.4 1 18
github.com/jmpargana/gq/internal/gqjson/jsonparser.go:27.3,27.19 1 18
github.com/jmpargana/gq/internal/gqjson/jsonparser.go:31.48,33.6 2 41
github.com/jmpargana/gq/internal/gqjson/jsonparser.go:33.6,35.71 2 51
github.com/jmpargana/gq/internal/gqjson/jsonparser.go:35.71,36.9 1 41
github.com/jmpargana/gq/internal/gqjson/jsonparser.go:38.3,39.17 2 10
github.com/jmpargana/gq/internal/gqjson/jsonparser.go:39.17,40.9 1 0
github.com/jmpargana/gq/internal/gqjson/jsonparser.go:42.3,42.20 1 10
github.com/jmpargana/gq/internal/gqjson/jsonparser.go:45.2,45.22 1 41
github.com/jmpargana/gq/internal/gqjson/jsonparser.go:45.22,46.39 1 51
github.com/jmpargana/gq/internal/gqjson/jsonparser.go:46.39,49.4 2 0
github.com/jmpargana/gq/internal/gqjson/jsonparser.go:52.2,53.10 2 41
github.com/jmpargana/gq/internal/gqjson/jsonparser.go:56.47,59.15 3 0
github.com/jmpargana/gq/internal/gqjson/jsonparser.go:59.15,62.3 2 0
github.com/jmpargana/gq/internal/gqjson/jsonparser.go:63.2,63.25 1 0
github.com/jmpargana/gq/internal/gqjson/jsonparser.go:63.25,65.17 2 0
github.com/jmpargana/gq/internal/gqjson/jsonparser.go:65.17,66.14 1 0
github.com/jmpargana/gq/internal/gqjson/jsonparser.go:69.2,69.12 1 0
github.com/jmpargana/gq/internal/gqjson/jsonparser.go:72.39,74.6 2 28
github.com/jmpargana/gq/internal/gqjson/jsonparser.go:74.6,76.17 2 146
github.com/jmpargana/gq/internal/gqjson/jsonparser.go:76.17,77.9 1 0
github.com/jmpargana/gq/internal/gqjson/jsonparser.go:79.3,79.13 1 146
github.com/jmpargana/gq/internal/gqjson/jsonparser.go:80.12,81.37 1 8
github.com/jmpargana/gq/internal/gqjson/jsonparser.go:82.12,83.12 1 30
github.com/jmpargana/gq/internal/gqjson/jsonparser.go:84.12,85.14 1 28
github.com/jmpargana/gq/internal/gqjson/jsonparser.go:86.12,87.35 1 9
github.com/jmpargana/gq/internal/gqjson/jsonparser.go:88.12,89.37 1 0
github.com/jmpargana/gq/internal/gqjson/jsonparser.go:90.17,91.39 1 0
github.com/jmpargana/gq/internal/gqjson/jsonparser.go:92.57,93.41 1 41
github.com/jmpargana/gq/internal/gqjson/jsonparser.go:96.2,96.12 1 0
github.com/jmpargana/gq/internal/gqjson/jsonparser.go:99.39,104.6 5 24
github.com/jmpargana/gq/internal/gqjson/jsonparser.go:104.6,106.17 2 81
github.com/jmpargana/gq/internal/gqjson/jsonparser.go:106.17,107.9 1 0
github.com/jmpargana/gq/internal/gqjson/jsonparser.go:109.3,109.13 1 81
github.com/jmpargana/gq/internal/gqjson/jsonparser.go:110.12,111.4 1 19
github.com/jmpargana/gq/internal/gqjson/jsonparser.go:111.4,112.25 1 19
github.com/jmpargana/gq/internal/gqjson/jsonparser.go:112.25,114.6 1 8
github.com/jmpargana/gq/internal/gqjson/jsonparser.go:114.11,116.6 1 11
github.com/jmpargana/gq/internal/gqjson/jsonparser.go:118.12,119.4 1 5
github.com/jmpargana/gq/internal/gqjson/jsonparser.go:119.4,120.25 1 5
github.com/jmpargana/gq/internal/gqjson/jsonparser.go:120.25,122.6 1 0
github.com/jmpargana/gq/internal/gqjson/jsonparser.go:124.12,125.4 1 18
github.com/jmpargana/gq/internal/gqjson/jsonparser.go:125.4,127.12 2 18
github.com/jmpargana/gq/internal/gqjson/jsonparser.go:127.12,129.6 1 13
github.com/jmpargana/gq/internal/gqjson/jsonparser.go:129.11,132.6 2 5
github.com/jmpargana/gq/internal/gqjson/jsonparser.go:134.12,135.4 1 13
github.com/jmpargana/gq/internal/gqjson/jsonparser.go:135.4,137.5 1 13
github.com/jmpargana/gq/internal/gqjson/jsonparser.go:138.12,139.4 1 0
github.com/jmpargana/gq/internal/gqjson/jsonparser.go:139.4,141.5 1 0
github.com/jmpargana/gq/internal/gqjson/jsonparser.go:142.17,143.4 1 0
github.com/jmpargana/gq/internal/gqjson/jsonparser.go:143.4,146.5 2 0
github.com/jmpargana/gq/internal/gqjson/jsonparser.go:147.57,148.4 1 0
github.com/jmpargana/gq/internal/gqjson/jsonparser.go:148.4,151.5 2 0
github.com/jmpargana/gq/internal/gqjson/jsonparser.go:152.12,153.14 1 0
github.com/jmpargana/gq/internal/gqjson/jsonparser.go:154.12,155.14 1 13
github.com/jmpargana/gq/internal/gqjson/jsonparser.go:158.2,158.12 1 0
github.com/jmpargana/gq/internal/gqjson/printer.go:8.43,10.23 2 0
github.com/jmpargana/gq/internal/gqjson/printer.go:10.23,11.33 1 0
github.com/jmpargana/gq/internal/gqjson/printer.go:11.33,13.4 1 0
github.com/jmpargana/gq/internal/gqjson/printer.go:14.3,14.26 1 0
github.com/jmpargana/gq/internal/gqjson/printer.go:15.15,16.34 1 0
github.com/jmpargana/gq/internal/gqjson/printer.go:17.39,18.30 1 0
github.com/jmpargana/gq/internal/gqjson/printer.go:19.25,20.30 1 0
github.com/jmpargana/gq/internal/gqjson/printer.go:21.13,22.30 1 0
github.com/jmpargana/gq/internal/gqjson/printer.go:23.23,24.30 1 0
github.com/jmpargana/gq/internal/gqjson/printer.go:25.14,26.31 1 0
github.com/jmpargana/gq/internal/gqjson/printer.go:28.3,28.19 1 0
github.com/jmpargana/gq/internal/gqjson/printer.go:28.19,30.4 1 0
github.com/jmpargana/gq/internal/gqjson/printer.go:31.3,31.12 1 0
github.com/jmpargana/gq/internal/gqjson/printer.go:33.2,33.26 1 0
github.com/jmpargana/gq/internal/gqjson/printer.go:33.26,35.3 1 0
github.com/jmpargana/gq/internal/gqjson/printer.go:36.2,37.10 2 0
github.com/jmpargana/gq/internal/gqjson/printer.go:40.53,47.24 5 0
github.com/jmpargana/gq/internal/gqjson/printer.go:47.24,48.33 1 0
github.com/jmpargana/gq/internal/gqjson/printer.go:48.33,50.4 1 0
github.com/jmpargana/gq/internal/gqjson/printer.go:51.3,52.24 2 0
github.com/jmpargana/gq/internal/gqjson/printer.go:53.15,54.33 1 0
github.com/jmpargana/gq/internal/gqjson/printer.go:55.39,56.29 1 0
github.com/jmpargana/gq/internal/gqjson/printer.go:57.25,58.31 1 0
github.com/jmpargana/gq/internal/gqjson/printer.go:59.13,60.29 1 0
github.com/jmpargana/gq/internal/gqjson/printer.go:61.23,62.29 1 0
github.com/jmpargana/gq/internal/gqjson/printer.go:63.14,64.30 1 0
github.com/jmpargana/gq/internal/gqjson/printer.go:66.3,67.12 2 0
github.com/jmpargana/gq/internal/gqjson/printer.go:67.12,69.4 1 0
github.com/jmpargana/gq/internal/gqjson/printer.go:70.3,70.12 1 0
github.com/jmpargana/gq/internal/gqjson/printer.go:73.2,73.26 1 0
github.com/jmpargana/gq/internal/gqjson/printer.go:73.26,75.3 1 0
github.com/jmpargana/gq/internal/gqjson/printer.go:77.2,78.10 2 0
github.com/jmpargana/gq/internal/gqjson/printer.go:83.19,84.23 1 0
github.com/jmpargana/gq/internal/gqjson/printer.go:85.22,86.30 1 0
github.com/jmpargana/gq/internal/gqjson/printer.go:87.13,88.31 1 0
github.com/jmpargana/gq/internal/gqjson/printer.go:89.13,90.24 1 0
github.com/jmpargana/gq/internal/gqjson/printer.go:91.12,92.24 1 0
github.com/jmpargana/gq/internal/gqjson/printer.go:93.15,94.27 1 0
github.com/jmpargana/gq/internal/gqjson/printer.go:95.14,96.28 1 0
github.com/jmpargana/gq/internal/lexer/lexer.go:38.28,40.2 1 0
github.com/jmpargana/gq/internal/lexer/lexer.go:42.28,45.6 3 0
github.com/jmpargana/gq/internal/lexer/lexer.go:45.6,48.22 3 0
github.com/jmpargana/gq/internal/lexer/lexer.go:48.22,49.9 1 0
github.com/jmpargana/gq/internal/lexer/lexer.go:52.2,52.15 1 0
github.com/jmpargana/gq/internal/lexer/lexer.go:55.32,58.16 3 0
github.com/jmpargana/gq/internal/lexer/lexer.go:58.16,64.3 1 0
github.com/jmpargana/gq/internal/lexer/lexer.go:65.2,69.3 1 0
github.com/jmpargana/gq/internal/lexer/lexer.go:72.35,75.14 2 0
github.com/jmpargana/gq/internal/lexer/lexer.go:76.9,78.26 2 0
github.com/jmpargana/gq/internal/lexer/lexer.go:79.11,81.26 2 0
github.com/jmpargana/gq/internal/lexer/lexer.go:82.11,84.28 2 0
github.com/jmpargana/gq/internal/lexer/lexer.go:85.11,87.28 2 0
github.com/jmpargana/gq/internal/lexer/lexer.go:88.11,90.27 2 0
github.com/jmpargana/gq/internal/lexer/lexer.go:91.11,93.31 2 0
github.com/jmpargana/gq/internal/lexer/lexer.go:94.11,96.31 2 0
github.com/jmpargana/gq/internal/lexer/lexer.go:97.11,99.29 2 0
github.com/jmpargana/gq/internal/lexer/lexer.go:100.11,102.29 2 0
github.com/jmpargana/gq/internal/lexer/lexer.go:103.10,104.20 1 0
github.com/jmpargana/gq/internal/lexer/lexer.go:104.20,106.4 1 0
github.com/jmpargana/gq/internal/lexer/lexer.go:107.3,107.25 1 0
github.com/jmpargana/gq/internal/lexer/lexer.go:107.25,109.4 1 0
github.com/jmpargana/gq/internal/lexer/lexer.go:110.3,110.18 1 0
github.com/jmpargana/gq/internal/lexer/lexer.go:110.18,112.4 1 0
github.com/jmpargana/gq/internal/lexer/lexer.go:113.3,115.54 3 0
github.com/jmpargana/gq/internal/lexer/lexer.go:119.36,121.20 2 0
github.com/jmpargana/gq/internal/lexer/lexer.go:121.20,124.3 2 0
github.com/jmpargana/gq/internal/lexer/lexer.go:125.2,125.47 1 0
github.com/jmpargana/gq/internal/lexer/lexer.go:128.36,131.31 3 0
github.com/jmpargana/gq/internal/lexer/lexer.go:131.31,134.3 2 0
github.com/jmpargana/gq/internal/lexer/lexer.go:135.2,136.47 2 0
github.com/jmpargana/gq/internal/lexer/lexer.go:139.35,141.24 2 0
github.com/jmpargana/gq/internal/lexer/lexer.go:141.24,144.3 2 0
github.com/jmpargana/gq/internal/lexer/lexer.go:145.2,145.46 1 0
github.com/jmpargana/gq/internal/lexer/lexer.go:148.24,150.16 2 0
github.com/jmpargana/gq/internal/lexer/lexer.go:150.16,153.3 2 0
github.com/jmpargana/gq/internal/lexer/lexer.go:154.2,154.11 1 0
github.com/jmpargana/gq/internal/lexer/lexer.go:157.34,158.50 1 0
github.com/jmpargana/gq/internal/lexer/lexer.go:158.50,160.3 1 0
github.com/jmpargana/gq/internal/lexer/lexer.go:164.27,166.2 1 0
github.com/jmpargana/gq/internal/lexer/lexer.go:168.32,170.2 1 0
github.com/jmpargana/gq/internal/lexer/lexer.go:172.31,174.2 1 0
github.com/jmpargana/gq/internal/parser/parser.go:15.42,17.2 1 0
github.com/jmpargana/gq/internal/parser/parser.go:19.37,21.2 1 0
github.com/jmpargana/gq/internal/parser/parser.go:23.40,27.2 3 0
github.com/jmpargana/gq/internal/parser/parser.go:29.51,30.24 1 0
github.com/jmpargana/gq/internal/parser/parser.go:30.24,32.3 1 0
github.com/jmpargana/gq/internal/parser/parser.go:33.2,33.27 1 0
github.com/jmpargana/gq/internal/parser/parser.go:33.27,36.3 2 0
github.com/jmpargana/gq/internal/parser/parser.go:37.2,37.14 1 0
github.com/jmpargana/gq/internal/parser/parser.go:40.56,41.24 1 0
github.com/jmpargana/gq/internal/parser/parser.go:41.24,43.3 1 0
github.com/jmpargana/gq/internal/parser/parser.go:44.2,44.22 1 0
github.com/jmpargana/gq/internal/parser/parser.go:47.37,50.26 2 0
github.com/jmpargana/gq/internal/parser/parser.go:50.26,53.3 2 0
github.com/jmpargana/gq/internal/parser/parser.go:55.2,55.13 1 0
github.com/jmpargana/gq/internal/parser/parser.go:58.37,59.23 1 0
github.com/jmpargana/gq/internal/parser/parser.go:60.17,61.24 1 0
github.com/jmpargana/gq/internal/parser/parser.go:62.20,66.76 4 0
github.com/jmpargana/gq/internal/parser/parser.go:67.22,68.23 1 0
github.com/jmpargana/gq/internal/parser/parser.go:70.10,71.18 1 0
github.com/jmpargana/gq/internal/parser/parser.go:75.38,79.6 3 0
github.com/jmpargana/gq/internal/parser/parser.go:79.6,81.32 2 0
github.com/jmpargana/gq/internal/parser/parser.go:81.32,82.22 1 0
github.com/jmpargana/gq/internal/parser/parser.go:82.22,84.5 1 0
github.com/jmpargana/gq/internal/parser/parser.go:85.4,85.58 1 0
github.com/jmpargana/gq/internal/parser/parser.go:88.3,88.14 1 0
github.com/jmpargana/gq/internal/parser/parser.go:89.18,90.15 1 0
github.com/jmpargana/gq/internal/parser/parser.go:91.34,93.65 2 0
github.com/jmpargana/gq/internal/parser/parser.go:94.21,96.25 2 0
github.com/jmpargana/gq/internal/parser/parser.go:97.22,99.51 2 0
github.com/jmpargana/gq/internal/parser/parser.go:100.22,103.19 3 0
github.com/jmpargana/gq/internal/parser/parser.go:103.19,104.16 1 0
github.com/jmpargana/gq/internal/parser/parser.go:106.5,106.31 1 0
github.com/jmpargana/gq/internal/parser/parser.go:106.31,107.34 1 0
github.com/jmpargana/gq/internal/parser/parser.go:109.5,109.57 1 0
github.com/jmpargana/gq/internal/parser/parser.go:110.35,112.31 2 0
github.com/jmpargana/gq/internal/parser/parser.go:112.31,113.34 1 0
github.com/jmpargana/gq/internal/parser/parser.go:115.5,115.66 1 0
github.com/jmpargana/gq/internal/parser/parser.go:117.12,118.13 1 0
github.com/jmpargana/gq/internal/parser/parser.go:121.11,122.12 1 0
github.com/jmpargana/gq/internal/parser/parser.go:128.37,134.27 4 0
github.com/jmpargana/gq/internal/parser/parser.go:134.27,136.3 1 0
github.com/jmpargana/gq/internal/parser/parser.go:138.2,140.71 2 0
github.com/jmpargana/gq/internal/parser/parser.go:143.43,147.2 3 0
github.com/jmpargana/gq/internal/parser/parser.go:149.50,151.2 1 0
github.com/jmpargana/gq/internal/utils/types.go:40.25,44.2 1 44
github.com/jmpargana/gq/cmd/gq/main.go:25.51,27.18 2 0
github.com/jmpargana/gq/cmd/gq/main.go:27.18,30.4 2 0
github.com/jmpargana/gq/cmd/gq/main.go:32.3,32.40 1 0
github.com/jmpargana/gq/cmd/gq/main.go:32.40,34.4 1 0
github.com/jmpargana/gq/cmd/gq/main.go:36.3,36.23 1 0
github.com/jmpargana/gq/cmd/gq/main.go:36.23,38.4 1 0
github.com/jmpargana/gq/cmd/gq/main.go:40.3,48.12 6 0
github.com/jmpargana/gq/cmd/gq/main.go:48.12,52.4 3 0
github.com/jmpargana/gq/cmd/gq/main.go:54.3,58.30 5 0
github.com/jmpargana/gq/cmd/gq/main.go:58.30,60.4 1 0
github.com/jmpargana/gq/cmd/gq/main.go:62.3,62.13 1 0
github.com/jmpargana/gq/cmd/gq/main.go:66.27,68.16 2 0
github.com/jmpargana/gq/cmd/gq/main.go:68.16,70.3 1 0
github.com/jmpargana/gq/cmd/gq/main.go:73.2,73.40 1 0
github.com/jmpargana/gq/cmd/gq/main.go:73.40,75.3 1 0
github.com/jmpargana/gq/cmd/gq/main.go:77.2,77.12 1 0
github.com/jmpargana/gq/cmd/gq/main.go:82.16,84.16 2 0
github.com/jmpargana/gq/cmd/gq/main.go:84.16,86.3 1 0
github.com/jmpargana/gq/cmd/gq/main.go:89.13,100.2 2 0
github.com/jmpargana/gq/cmd/gq/main.go:102.13,104.2 1 0
github.com/jmpargana/gq/internal/ast/ast.go:7.53,11.30 2 0
github.com/jmpargana/gq/internal/ast/ast.go:11.30,13.3 1 0
github.com/jmpargana/gq/internal/ast/ast.go:15.2,15.31 1 0
github.com/jmpargana/gq/internal/ast/ast.go:15.31,17.3 1 0
github.com/jmpargana/gq/internal/ast/ast.go:19.2,19.22 1 0
github.com/jmpargana/gq/internal/ast/ast.go:20.13,21.36 1 0
github.com/jmpargana/gq/internal/ast/ast.go:22.20,27.15 5 0
github.com/jmpargana/gq/internal/ast/ast.go:28.19,29.29 1 0
github.com/jmpargana/gq/internal/ast/ast.go:32.2,32.13 1 0
github.com/jmpargana/gq/internal/ast/ast.go:35.37,39.30 2 0
github.com/jmpargana/gq/internal/ast/ast.go:39.30,41.3 1 0
github.com/jmpargana/gq/internal/ast/ast.go:43.2,43.31 1 0
github.com/jmpargana/gq/internal/ast/ast.go:43.31,45.3 1 0
github.com/jmpargana/gq/internal/ast/ast.go:47.2,47.22 1 0
github.com/jmpargana/gq/internal/ast/ast.go:48.13,49.30 1 0
github.com/jmpargana/gq/internal/ast/ast.go:50.20,51.21 1 0
github.com/jmpargana/gq/internal/ast/ast.go:52.19,53.23 1 0
github.com/jmpargana/gq/internal/ast/ast.go:56.2,56.13 1 0
github.com/jmpargana/gq/internal/ast/ast.go:59.32,61.31 2 0
github.com/jmpargana/gq/internal/ast/ast.go:61.31,63.3 1 0
github.com/jmpargana/gq/internal/ast/ast.go:64.2,64.10 1 0
github.com/jmpargana/gq/internal/ast/ast.go:68.32,70.29 2 0
github.com/jmpargana/gq/internal/ast/ast.go:70.29,71.22 1 0
github.com/jmpargana/gq/internal/ast/ast.go:71.22,74.4 2 0
github.com/jmpargana/gq/internal/ast/ast.go:75.3,75.24 1 0
github.com/jmpargana/gq/internal/ast/ast.go:75.24,78.4 2 0
github.com/jmpargana/gq/internal/ast/ast.go:80.2,80.13 1 0
github.com/jmpargana/gq/internal/ast/ast.go:83.48,85.24 2 0
github.com/jmpargana/gq/internal/ast/ast.go:85.24,88.30 2 0
github.com/jmpargana/gq/internal/ast/ast.go:88.30,89.18 1 0
github.com/jmpargana/gq/internal/ast/ast.go:90.15,92.20 2 0
github.com/jmpargana/gq/internal/ast/ast.go:93.17,95.21 2 0
github.com/jmpargana/gq/internal/ast/ast.go:96.17,99.17 3 0
github.com/jmpargana/gq/internal/ast/ast.go:103.3,103.34 1 0
github.com/jmpargana/gq/internal/ast/ast.go:105.2,105.14 1 0
github.com/jmpargana/gq/internal/ast/ast.go:108.48,110.22 2 0
github.com/jmpargana/gq/internal/ast/ast.go:110.22,112.3 1 0
github.com/jmpargana/gq/internal/ast/ast.go:113.2,113.15 1 0
github.com/jmpargana/gq/internal/ast/ast.go:116.48,118.24 2 0
github.com/jmpargana/gq/internal/ast/ast.go:118.24,124.32 2 0
github.com/jmpargana/gq/internal/ast/ast.go:124.32,133.31 5 0
github.com/jmpargana/gq/internal/ast/ast.go:133.31,134.33 1 0
github.com/jmpargana/gq/internal/ast/ast.go:134.33,138.6 3 0
github.com/jmpargana/gq/internal/ast/ast.go:141.4,141.27 1 0
github.com/jmpargana/gq/internal/ast/ast.go:145.3,145.30 1 0
github.com/jmpargana/gq/internal/ast/ast.go:145.30,147.4 1 0
github.com/jmpargana/gq/internal/ast/ast.go:149.2,149.14 1 0
github.com/jmpargana/gq/internal/ast/print.go:10.43,13.29 2 0
github.com/jmpargana/gq/internal/ast/print.go:13.29,15.3 1 0
github.com/jmpargana/gq/internal/ast/print.go:17.2,20.31 2 0
github.com/jmpargana/gq/internal/ast/print.go:20.31,22.3 1 0
github.com/jmpargana/gq/internal/ast/print.go:24.2,24.19 1 0
github.com/jmpargana/gq/internal/ast/print.go:27.42,30.16 2 0
github.com/jmpargana/gq/internal/ast/print.go:31.16,32.41 1 0
github.com/jmpargana/gq/internal/ast/print.go:33.15,34.28 1 0
github.com/jmpargana/gq/internal/ast/print.go:35.19,36.27 1 0
github.com/jmpargana/gq/internal/ast/print.go:37.14,38.27 1 0
github.com/jmpargana/gq/internal/ast/print.go:39.13,41.30 2 0
github.com/jmpargana/gq/internal/ast/print.go:41.30,43.33 2 0
github.com/jmpargana/gq/internal/ast/print.go:43.33,45.5 1 0
github.com/jmpargana/gq/internal/ast/print.go:46.4,46.18 1 0
github.com/jmpargana/gq/internal/ast/print.go:47.15,48.39 1 0
github.com/jmpargana/gq/internal/ast/print.go:49.16,50.28 1 0
github.com/jmpargana/gq/internal/ast/print.go:51.17,52.28 1 0
github.com/jmpargana/gq/internal/ast/print.go:53.17,54.41 1 0
github.com/jmpargana/gq/internal/ast/print.go:59.2,61.19 2 0
github.com/jmpargana/gq/internal/gqjson/jsonparser.go:9.42,12.6 3 10
github.com/jmpargana/gq/internal/gqjson/jsonparser.go:12.6,14.17 2 20
github.com/jmpargana/gq/internal/gqjson/jsonparser.go:14.17,16.4 1 0
github.com/jmpargana/gq/internal/gqjson/jsonparser.go:17.3,17.17 1 20
github.com/jmpargana/gq/internal/gqjson/jsonparser.go:17.17,19.4 1 0
github.com/jmpargana/gq/internal/gqjson/jsonparser.go:20.3,20.17 1 20
github.com/jmpargana/gq/internal/gqjson/jsonparser.go:20.17,22.12 2 0
github.com/jmpargana/gq/internal/gqjson/jsonparser.go:24.3,24.16 1 20
github.com/jmpargana/gq/internal/gqjson/jsonparser.go:24.16,26.4 1 10
github.com/jmpargana/gq/internal/gqjson/jsonparser.go:27.3,27.19 1 10
github.com/jmpargana/gq/internal/gqjson/jsonparser.go:31.48,33.6 2 8
github.com/jmpargana/gq/internal/gqjson/jsonparser.go:33.6,35.71 2 10
github.com/jmpargana/gq/internal/gqjson/jsonparser.go:35.71,36.9 1 8
github.com/jmpargana/gq/internal/gqjson/jsonparser.go:38.3,39.17 2 2
github.com/jmpargana/gq/internal/gqjson/jsonparser.go:39.17,40.9 1 0
github.com/jmpargana/gq/internal/gqjson/jsonparser.go:42.3,42.20 1 2
github.com/jmpargana/gq/internal/gqjson/jsonparser.go:45.2,45.22 1 8
github.com/jmpargana/gq/internal/gqjson/jsonparser.go:45.22,46.39 1 9
github.com/jmpargana/gq/internal/gqjson/jsonparser.go:46.39,49.4 2 1
github.com/jmpargana/gq/internal/gqjson/jsonparser.go:52.2,53.10 2 7
github.com/jmpargana/gq/internal/gqjson/jsonparser.go:56.47,59.15 3 2
github.com/jmpargana/gq/internal/gqjson/jsonparser.go:59.15,62.3 2 2
github.com/jmpargana/gq/internal/gqjson/jsonparser.go:63.2,63.25 1 2
github.com/jmpargana/gq/internal/gqjson/jsonparser.go:63.25,65.17 2 6
github.com/jmpargana/gq/internal/gqjson/jsonparser.go:65.17,66.14 1 0
github.com/jmpargana/gq/internal/gqjson/jsonparser.go:69.2,69.12 1 2
github.com/jmpargana/gq/internal/gqjson/jsonparser.go:72.39,74.6 2 3
github.com/jmpargana/gq/internal/gqjson/jsonparser.go:74.6,76.17 2 27
github.com/jmpargana/gq/internal/gqjson/jsonparser.go:76.17,77.9 1 0
github.com/jmpargana/gq/internal/gqjson/jsonparser.go:79.3,79.13 1 27
github.com/jmpargana/gq/internal/gqjson/jsonparser.go:80.12,81.37 1 1
github.com/jmpargana/gq/internal/gqjson/jsonparser.go:82.12,83.12 1 7
github.com/jmpargana/gq/internal/gqjson/jsonparser.go:84.12,85.14 1 3
github.com/jmpargana/gq/internal/gqjson/jsonparser.go:86.12,87.35 1 1
github.com/jmpargana/gq/internal/gqjson/jsonparser.go:88.12,89.37 1 1
github.com/jmpargana/gq/internal/gqjson/jsonparser.go:90.17,91.39 1 1
github.com/jmpargana/gq/internal/gqjson/jsonparser.go:92.57,93.41 1 6
github.com/jmpargana/gq/internal/gqjson/jsonparser.go:96.2,96.12 1 0
github.com/jmpargana/gq/internal/gqjson/jsonparser.go:99.39,104.6 5 4
github.com/jmpargana/gq/internal/gqjson/jsonparser.go:104.6,106.17 2 41
github.com/jmpargana/gq/internal/gqjson/jsonparser.go:106.17,107.9 1 0
github.com/jmpargana/gq/internal/gqjson/jsonparser.go:109.3,109.13 1 41
github.com/jmpargana/gq/internal/gqjson/jsonparser.go:110.12,111.4 1 2
github.com/jmpargana/gq/internal/gqjson/jsonparser.go:111.4,112.25 1 2
github.com/jmpargana/gq/internal/gqjson/jsonparser.go:112.25,114.6 1 1
github.com/jmpargana/gq/internal/gqjson/jsonparser.go:114.11,116.6 1 1
github.com/jmpargana/gq/internal/gqjson/jsonparser.go:118.12,119.4 1 2
github.com/jmpargana/gq/internal/gqjson/jsonparser.go:119.4,120.25 1 2
github.com/jmpargana/gq/internal/gqjson/jsonparser.go:120.25,122.6 1 1
github.com/jmpargana/gq/internal/gqjson/jsonparser.go:124.12,125.4 1 9
github.com/jmpargana/gq/internal/gqjson/jsonparser.go:125.4,127.12 2 9
github.com/jmpargana/gq/internal/gqjson/jsonparser.go:127.12,129.6 1 7
github.com/jmpargana/gq/internal/gqjson/jsonparser.go:129.11,132.6 2 2
github.com/jmpargana/gq/internal/gqjson/jsonparser.go:134.12,135.4 1 7
github.com/jmpargana/gq/internal/gqjson/jsonparser.go:135.4,137.5 1 7
github.com/jmpargana/gq/internal/gqjson/jsonparser.go:138.12,139.4 1 4
github.com/jmpargana/gq/internal/gqjson/jsonparser.go:139.4,141.5 1 4
github.com/jmpargana/gq/internal/gqjson/jsonparser.go:142.17,143.4 1 1
github.com/jmpargana/gq/internal/gqjson/jsonparser.go:143.4,146.5 2 1
github.com/jmpargana/gq/internal/gqjson/jsonparser.go:147.57,148.4 1 2
github.com/jmpargana/gq/internal/gqjson/jsonparser.go:148.4,151.5 2 2
github.com/jmpargana/gq/internal/gqjson/jsonparser.go:152.12,153.14 1 0
github.com/jmpargana/gq/internal/gqjson/jsonparser.go:154.12,155.14 1 3
github.com/jmpargana/gq/internal/gqjson/jsonparser.go:158.2,158.12 1 0
github.com/jmpargana/gq/internal/gqjson/printer.go:8.43,10.23 2 0
github.com/jmpargana/gq/internal/gqjson/printer.go:10.23,11.33 1 0
github.com/jmpargana/gq/internal/gqjson/printer.go:11.33,13.4 1 0
github.com/jmpargana/gq/internal/gqjson/printer.go:14.3,14.26 1 0
github.com/jmpargana/gq/internal/gqjson/printer.go:15.15,16.34 1 0
github.com/jmpargana/gq/internal/gqjson/printer.go:17.39,18.30 1 0
github.com/jmpargana/gq/internal/gqjson/printer.go:19.25,20.30 1 0
github.com/jmpargana/gq/internal/gqjson/printer.go:21.13,22.30 1 0
github.com/jmpargana/gq/internal/gqjson/printer.go:23.23,24.30 1 0
github.com/jmpargana/gq/internal/gqjson/printer.go:25.14,26.31 1 0
github.com/jmpargana/gq/internal/gqjson/printer.go:28.3,28.19 1 0
github.com/jmpargana/gq/internal/gqjson/printer.go:28.19,30.4 1 0
github.com/jmpargana/gq/internal/gqjson/printer.go:31.3,31.12 1 0
github.com/jmpargana/gq/internal/gqjson/printer.go:33.2,33.26 1 0
github.com/jmpargana/gq/internal/gqjson/printer.go:33.26,35.3 1 0
github.com/jmpargana/gq/internal/gqjson/printer.go:36.2,37.10 2 0
github.com/jmpargana/gq/internal/gqjson/printer.go:40.53,47.24 5 0
github.com/jmpargana/gq/internal/gqjson/printer.go:47.24,48.33 1 0
github.com/jmpargana/gq/internal/gqjson/printer.go:48.33,50.4 1 0
github.com/jmpargana/gq/internal/gqjson/printer.go:51.3,52.24 2 0
github.com/jmpargana/gq/internal/gqjson/printer.go:53.15,54.33 1 0
github.com/jmpargana/gq/internal/gqjson/printer.go:55.39,56.29 1 0
github.com/jmpargana/gq/internal/gqjson/printer.go:57.25,58.31 1 0
github.com/jmpargana/gq/internal/gqjson/printer.go:59.13,60.29 1 0
github.com/jmpargana/gq/internal/gqjson/printer.go:61.23,62.29 1 0
github.com/jmpargana/gq/internal/gqjson/printer.go:63.14,64.30 1 0
github.com/jmpargana/gq/internal/gqjson/printer.go:66.3,67.12 2 0
github.com/jmpargana/gq/internal/gqjson/printer.go:67.12,69.4 1 0
github.com/jmpargana/gq/internal/gqjson/printer.go:70.3,70.12 1 0
github.com/jmpargana/gq/internal/gqjson/printer.go:73.2,73.26 1 0
github.com/jmpargana/gq/internal/gqjson/printer.go:73.26,75.3 1 0
github.com/jmpargana/gq/internal/gqjson/printer.go:77.2,78.10 2 0
github.com/jmpargana/gq/internal/gqjson/printer.go:83.19,84.23 1 0
github.com/jmpargana/gq/internal/gqjson/printer.go:85.22,86.30 1 0
github.com/jmpargana/gq/internal/gqjson/printer.go:87.13,88.31 1 0
github.com/jmpargana/gq/internal/gqjson/printer.go:89.13,90.24 1 0
github.com/jmpargana/gq/internal/gqjson/printer.go:91.12,92.24 1 0
github.com/jmpargana/gq/internal/gqjson/printer.go:93.15,94.27 1 0
github.com/jmpargana/gq/internal/gqjson/printer.go:95.14,96.28 1 0
github.com/jmpargana/gq/internal/lexer/lexer.go:38.28,40.2 1 0
github.com/jmpargana/gq/internal/lexer/lexer.go:42.28,45.6 3 0
github.com/jmpargana/gq/internal/lexer/lexer.go:45.6,48.22 3 0
github.com/jmpargana/gq/internal/lexer/lexer.go:48.22,49.9 1 0
github.com/jmpargana/gq/internal/lexer/lexer.go:52.2,52.15 1 0
github.com/jmpargana/gq/internal/lexer/lexer.go:55.32,58.16 3 0
github.com/jmpargana/gq/internal/lexer/lexer.go:58.16,64.3 1 0
github.com/jmpargana/gq/internal/lexer/lexer.go:65.2,69.3 1 0
github.com/jmpargana/gq/internal/lexer/lexer.go:72.35,75.14 2 0
github.com/jmpargana/gq/internal/lexer/lexer.go:76.9,78.26 2 0
github.com/jmpargana/gq/internal/lexer/lexer.go:79.11,81.26 2 0
github.com/jmpargana/gq/internal/lexer/lexer.go:82.11,84.28 2 0
github.com/jmpargana/gq/internal/lexer/lexer.go:85.11,87.28 2 0
github.com/jmpargana/gq/internal/lexer/lexer.go:88.11,90.27 2 0
github.com/jmpargana/gq/internal/lexer/lexer.go:91.11,93.31 2 0
github.com/jmpargana/gq/internal/lexer/lexer.go:94.11,96.31 2 0
github.com/jmpargana/gq/internal/lexer/lexer.go:97.11,99.29 2 0
github.com/jmpargana/gq/internal/lexer/lexer.go:100.11,102.29 2 0
github.com/jmpargana/gq/internal/lexer/lexer.go:103.10,104.20 1 0
github.com/jmpargana/gq/internal/lexer/lexer.go:104.20,106.4 1 0
github.com/jmpargana/gq/internal/lexer/lexer.go:107.3,107.25 1 0
github.com/jmpargana/gq/internal/lexer/lexer.go:107.25,109.4 1 0
github.com/jmpargana/gq/internal/lexer/lexer.go:110.3,110.18 1 0
github.com/jmpargana/gq/internal/lexer/lexer.go:110.18,112.4 1 0
github.com/jmpargana/gq/internal/lexer/lexer.go:113.3,115.54 3 0
github.com/jmpargana/gq/internal/lexer/lexer.go:119.36,121.20 2 0
github.com/jmpargana/gq/internal/lexer/lexer.go:121.20,124.3 2 0
github.com/jmpargana/gq/internal/lexer/lexer.go:125.2,125.47 1 0
github.com/jmpargana/gq/internal/lexer/lexer.go:128.36,131.31 3 0
github.com/jmpargana/gq/internal/lexer/lexer.go:131.31,134.3 2 0
github.com/jmpargana/gq/internal/lexer/lexer.go:135.2,136.47 2 0
github.com/jmpargana/gq/internal/lexer/lexer.go:139.35,141.24 2 0
github.com/jmpargana/gq/internal/lexer/lexer.go:141.24,144.3 2 0
github.com/jmpargana/gq/internal/lexer/lexer.go:145.2,145.46 1 0
github.com/jmpargana/gq/internal/lexer/lexer.go:148.24,150.16 2 0
github.com/jmpargana/gq/internal/lexer/lexer.go:150.16,153.3 2 0
github.com/jmpargana/gq/internal/lexer/lexer.go:154.2,154.11 1 0
github.com/jmpargana/gq/internal/lexer/lexer.go:157.34,158.50 1 0
github.com/jmpargana/gq/internal/lexer/lexer.go:158.50,160.3 1 0
github.com/jmpargana/gq/internal/lexer/lexer.go:164.27,166.2 1 0
github.com/jmpargana/gq/internal/lexer/lexer.go:168.32,170.2 1 0
github.com/jmpargana/gq/internal/lexer/lexer.go:172.31,174.2 1 0
github.com/jmpargana/gq/internal/parser/parser.go:15.42,17.2 1 0
github.com/jmpargana/gq/internal/parser/parser.go:19.37,21.2 1 0
github.com/jmpargana/gq/internal/parser/parser.go:23.40,27.2 3 0
github.com/jmpargana/gq/internal/parser/parser.go:29.51,30.24 1 0
github.com/jmpargana/gq/internal/parser/parser.go:30.24,32.3 1 0
github.com/jmpargana/gq/internal/parser/parser.go:33.2,33.27 1 0
github.com/jmpargana/gq/internal/parser/parser.go:33.27,36.3 2 0
github.com/jmpargana/gq/internal/parser/parser.go:37.2,37.14 1 0
github.com/jmpargana/gq/internal/parser/parser.go:40.56,41.24 1 0
github.com/jmpargana/gq/internal/parser/parser.go:41.24,43.3 1 0
github.com/jmpargana/gq/internal/parser/parser.go:44.2,44.22 1 0
github.com/jmpargana/gq/internal/parser/parser.go:47.37,50.26 2 0
github.com/jmpargana/gq/internal/parser/parser.go:50.26,53.3 2 0
github.com/jmpargana/gq/internal/parser/parser.go:55.2,55.13 1 0
github.com/jmpargana/gq/internal/parser/parser.go:58.37,59.23 1 0
github.com/jmpargana/gq/internal/parser/parser.go:60.17,61.24 1 0
github.com/jmpargana/gq/internal/parser/parser.go:62.20,66.76 4 0
github.com/jmpargana/gq/internal/parser/parser.go:67.22,68.23 1 0
github.com/jmpargana/gq/internal/parser/parser.go:70.10,71.18 1 0
github.com/jmpargana/gq/internal/parser/parser.go:75.38,79.6 3 0
github.com/jmpargana/gq/internal/parser/parser.go:79.6,81.32 2 0
github.com/jmpargana/gq/internal/parser/parser.go:81.32,82.22 1 0
github.com/jmpargana/gq/internal/parser/parser.go:82.22,84.5 1 0
github.com/jmpargana/gq/internal/parser/parser.go:85.4,85.58 1 0
github.com/jmpargana/gq/internal/parser/parser.go:88.3,88.14 1 0
github.com/jmpargana/gq/internal/parser/parser.go:89.18,90.15 1 0
github.com/jmpargana/gq/internal/parser/parser.go:91.34,93.65 2 0
github.com/jmpargana/gq/internal/parser/parser.go:94.21,96.25 2 0
github.com/jmpargana/gq/internal/parser/parser.go:97.22,99.51 2 0
github.com/jmpargana/gq/internal/parser/parser.go:100.22,103.19 3 0
github.com/jmpargana/gq/internal/parser/parser.go:103.19,104.16 1 0
github.com/jmpargana/gq/internal/parser/parser.go:106.5,106.31 1 0
github.com/jmpargana/gq/internal/parser/parser.go:106.31,107.34 1 0
github.com/jmpargana/gq/internal/parser/parser.go:109.5,109.57 1 0
github.com/jmpargana/gq/internal/parser/parser.go:110.35,112.31 2 0
github.com/jmpargana/gq/internal/parser/parser.go:112.31,113.34 1 0
github.com/jmpargana/gq/internal/parser/parser.go:115.5,115.66 1 0
github.com/jmpargana/gq/internal/parser/parser.go:117.12,118.13 1 0
github.com/jmpargana/gq/internal/parser/parser.go:121.11,122.12 1 0
github.com/jmpargana/gq/internal/parser/parser.go:128.37,134.27 4 0
github.com/jmpargana/gq/internal/parser/parser.go:134.27,136.3 1 0
github.com/jmpargana/gq/internal/parser/parser.go:138.2,140.71 2 0
github.com/jmpargana/gq/internal/parser/parser.go:143.43,147.2 3 0
github.com/jmpargana/gq/internal/parser/parser.go:149.50,151.2 1 0
github.com/jmpargana/gq/internal/utils/types.go:40.25,44.2 1 0
github.com/jmpargana/gq/cmd/gq/main.go:25.51,27.18 2 0
github.com/jmpargana/gq/cmd/gq/main.go:27.18,30.4 2 0
github.com/jmpargana/gq/cmd/gq/main.go:32.3,32.40 1 0
github.com/jmpargana/gq/cmd/gq/main.go:32.40,34.4 1 0
github.com/jmpargana/gq/cmd/gq/main.go:36.3,36.23 1 0
github.com/jmpargana/gq/cmd/gq/main.go:36.23,38.4 1 0
github.com/jmpargana/gq/cmd/gq/main.go:40.3,48.12 6 0
github.com/jmpargana/gq/cmd/gq/main.go:48.12,52.4 3 0
github.com/jmpargana/gq/cmd/gq/main.go:54.3,58.30 5 0
github.com/jmpargana/gq/cmd/gq/main.go:58.30,60.4 1 0
github.com/jmpargana/gq/cmd/gq/main.go:62.3,62.13 1 0
github.com/jmpargana/gq/cmd/gq/main.go:66.27,68.16 2 0
github.com/jmpargana/gq/cmd/gq/main.go:68.16,70.3 1 0
github.com/jmpargana/gq/cmd/gq/main.go:73.2,73.40 1 0
github.com/jmpargana/gq/cmd/gq/main.go:73.40,75.3 1 0
github.com/jmpargana/gq/cmd/gq/main.go:77.2,77.12 1 0
github.com/jmpargana/gq/cmd/gq/main.go:82.16,84.16 2 0
github.com/jmpargana/gq/cmd/gq/main.go:84.16,86.3 1 0
github.com/jmpargana/gq/cmd/gq/main.go:89.13,100.2 2 0
github.com/jmpargana/gq/cmd/gq/main.go:102.13,104.2 1 0
github.com/jmpargana/gq/internal/ast/ast.go:7.53,11.30 2 0
github.com/jmpargana/gq/internal/ast/ast.go:11.30,13.3 1 0
github.com/jmpargana/gq/internal/ast/ast.go:15.2,15.31 1 0
github.com/jmpargana/gq/internal/ast/ast.go:15.31,17.3 1 0
github.com/jmpargana/gq/internal/ast/ast.go:19.2,19.22 1 0
github.com/jmpargana/gq/internal/ast/ast.go:20.13,21.36 1 0
github.com/jmpargana/gq/internal/ast/ast.go:22.20,27.15 5 0
github.com/jmpargana/gq/internal/ast/ast.go:28.19,29.29 1 0
github.com/jmpargana/gq/internal/ast/ast.go:32.2,32.13 1 0
github.com/jmpargana/gq/internal/ast/ast.go:35.37,39.30 2 0
github.com/jmpargana/gq/internal/ast/ast.go:39.30,41.3 1 0
github.com/jmpargana/gq/internal/ast/ast.go:43.2,43.31 1 0
github.com/jmpargana/gq/internal/ast/ast.go:43.31,45.3 1 0
github.com/jmpargana/gq/internal/ast/ast.go:47.2,47.22 1 0
github.com/jmpargana/gq/internal/ast/ast.go:48.13,49.30 1 0
github.com/jmpargana/gq/internal/ast/ast.go:50.20,51.21 1 0
github.com/jmpargana/gq/internal/ast/ast.go:52.19,53.23 1 0
github.com/jmpargana/gq/internal/ast/ast.go:56.2,56.13 1 0
github.com/jmpargana/gq/internal/ast/ast.go:59.32,61.31 2 0
github.com/jmpargana/gq/internal/ast/ast.go:61.31,63.3 1 0
github.com/jmpargana/gq/internal/ast/ast.go:64.2,64.10 1 0
github.com/jmpargana/gq/internal/ast/ast.go:68.32,70.29 2 0
github.com/jmpargana/gq/internal/ast/ast.go:70.29,71.22 1 0
github.com/jmpargana/gq/internal/ast/ast.go:71.22,74.4 2 0
github.com/jmpargana/gq/internal/ast/ast.go:75.3,75.24 1 0
github.com/jmpargana/gq/internal/ast/ast.go:75.24,78.4 2 0
github.com/jmpargana/gq/internal/ast/ast.go:80.2,80.13 1 0
github.com/jmpargana/gq/internal/ast/ast.go:83.48,85.24 2 0
github.com/jmpargana/gq/internal/ast/ast.go:85.24,88.30 2 0
github.com/jmpargana/gq/internal/ast/ast.go:88.30,89.18 1 0
github.com/jmpargana/gq/internal/ast/ast.go:90.15,92.20 2 0
github.com/jmpargana/gq/internal/ast/ast.go:93.17,95.21 2 0
github.com/jmpargana/gq/internal/ast/ast.go:96.17,99.17 3 0
github.com/jmpargana/gq/internal/ast/ast.go:103.3,103.34 1 0
github.com/jmpargana/gq/internal/ast/ast.go:105.2,105.14 1 0
github.com/jmpargana/gq/internal/ast/ast.go:108.48,110.22 2 0
github.com/jmpargana/gq/internal/ast/ast.go:110.22,112.3 1 0
github.com/jmpargana/gq/internal/ast/ast.go:113.2,113.15 1 0
github.com/jmpargana/gq/internal/ast/ast.go:116.48,118.24 2 0
github.com/jmpargana/gq/internal/ast/ast.go:118.24,124.32 2 0
github.com/jmpargana/gq/internal/ast/ast.go:124.32,133.31 5 0
github.com/jmpargana/gq/internal/ast/ast.go:133.31,134.33 1 0
github.com/jmpargana/gq/internal/ast/ast.go:134.33,138.6 3 0
github.com/jmpargana/gq/internal/ast/ast.go:141.4,141.27 1 0
github.com/jmpargana/gq/internal/ast/ast.go:145.3,145.30 1 0
github.com/jmpargana/gq/internal/ast/ast.go:145.30,147.4 1 0
github.com/jmpargana/gq/internal/ast/ast.go:149.2,149.14 1 0
github.com/jmpargana/gq/internal/ast/print.go:10.43,13.29 2 0
github.com/jmpargana/gq/internal/ast/print.go:13.29,15.3 1 0
github.com/jmpargana/gq/internal/ast/print.go:17.2,20.31 2 0
github.com/jmpargana/gq/internal/ast/print.go:20.31,22.3 1 0
github.com/jmpargana/gq/internal/ast/print.go:24.2,24.19 1 0
github.com/jmpargana/gq/internal/ast/print.go:27.42,30.16 2 0
github.com/jmpargana/gq/internal/ast/print.go:31.16,32.41 1 0
github.com/jmpargana/gq/internal/ast/print.go:33.15,34.28 1 0
github.com/jmpargana/gq/internal/ast/print.go:35.19,36.27 1 0
github.com/jmpargana/gq/internal/ast/print.go:37.14,38.27 1 0
github.com/jmpargana/gq/internal/ast/print.go:39.13,41.30 2 0
github.com/jmpargana/gq/internal/ast/print.go:41.30,43.33 2 0
github.com/jmpargana/gq/internal/ast/print.go:43.33,45.5 1 0
github.com/jmpargana/gq/internal/ast/print.go:46.4,46.18 1 0
github.com/jmpargana/gq/internal/ast/print.go:47.15,48.39 1 0
github.com/jmpargana/gq/internal/ast/print.go:49.16,50.28 1 0
github.com/jmpargana/gq/internal/ast/print.go:51.17,52.28 1 0
github.com/jmpargana/gq/internal/ast/print.go:53.17,54.41 1 0
github.com/jmpargana/gq/internal/ast/print.go:59.2,61.19 2 0
github.com/jmpargana/gq/internal/gqjson/jsonparser.go:9.42,12.6 3 0
github.com/jmpargana/gq/internal/gqjson/jsonparser.go:12.6,14.17 2 0
github.com/jmpargana/gq/internal/gqjson/jsonparser.go:14.17,16.4 1 0
github.com/jmpargana/gq/internal/gqjson/jsonparser.go:17.3,17.17 1 0
github.com/jmpargana/gq/internal/gqjson/jsonparser.go:17.17,19.4 1 0
github.com/jmpargana/gq/internal/gqjson/jsonparser.go:20.3,20.17 1 0
github.com/jmpargana/gq/internal/gqjson/jsonparser.go:20.17,22.12 2 0
github.com/jmpargana/gq/internal/gqjson/jsonparser.go:24.3,24.16 1 0
github.com/jmpargana/gq/internal/gqjson/jsonparser.go:24.16,26.4 1 0
github.com/jmpargana/gq/internal/gqjson/jsonparser.go:27.3,27.19 1 0
github.com/jmpargana/gq/internal/gqjson/jsonparser.go:31.48,33.6 2 0
github.com/jmpargana/gq/internal/gqjson/jsonparser.go:33.6,35.71 2 0
github.com/jmpargana/gq/internal/gqjson/jsonparser.go:35.71,36.9 1 0
github.com/jmpargana/gq/internal/gqjson/jsonparser.go:38.3,39.17 2 0
github.com/jmpargana/gq/internal/gqjson/jsonparser.go:39.17,40.9 1 0
github.com/jmpargana/gq/internal/gqjson/jsonparser.go:42.3,42.20 1 0
github.com/jmpargana/gq/internal/gqjson/jsonparser.go:45.2,45.22 1 0
github.com/jmpargana/gq/internal/gqjson/jsonparser.go:45.22,46.39 1 0
github.com/jmpargana/gq/internal/gqjson/jsonparser.go:46.39,49.4 2 0
github.com/jmpargana/gq/internal/gqjson/jsonparser.go:52.2,53.10 2 0
github.com/jmpargana/gq/internal/gqjson/jsonparser.go:56.47,59.15 3 0
github.com/jmpargana/gq/internal/gqjson/jsonparser.go:59.15,62.3 2 0
github.com/jmpargana/gq/internal/gqjson/jsonparser.go:63.2,63.25 1 0
github.com/jmpargana/gq/internal/gqjson/jsonparser.go:63.25,65.17 2 0
github.com/jmpargana/gq/internal/gqjson/jsonparser.go:65.17,66.14 1 0
github.com/jmpargana/gq/internal/gqjson/jsonparser.go:69.2,69.12 1 0
github.com/jmpargana/gq/internal/gqjson/jsonparser.go:72.39,74.6 2 0
github.com/jmpargana/gq/internal/gqjson/jsonparser.go:74.6,76.17 2 0
github.com/jmpargana/gq/internal/gqjson/jsonparser.go:76.17,77.9 1 0
github.com/jmpargana/gq/internal/gqjson/jsonparser.go:79.3,79.13 1 0
github.com/jmpargana/gq/internal/gqjson/jsonparser.go:80.12,81.37 1 0
github.com/jmpargana/gq/internal/gqjson/jsonparser.go:82.12,83.12 1 0
github.com/jmpargana/gq/internal/gqjson/jsonparser.go:84.12,85.14 1 0
github.com/jmpargana/gq/internal/gqjson/jsonparser.go:86.12,87.35 1 0
github.com/jmpargana/gq/internal/gqjson/jsonparser.go:88.12,89.37 1 0
github.com/jmpargana/gq/internal/gqjson/jsonparser.go:90.17,91.39 1 0
github.com/jmpargana/gq/internal/gqjson/jsonparser.go:92.57,93.41 1 0
github.com/jmpargana/gq/internal/gqjson/jsonparser.go:96.2,96.12 1 0
github.com/jmpargana/gq/internal/gqjson/jsonparser.go:99.39,104.6 5 0
github.com/jmpargana/gq/internal/gqjson/jsonparser.go:104.6,106.17 2 0
github.com/jmpargana/gq/internal/gqjson/jsonparser.go:106.17,107.9 1 0
github.com/jmpargana/gq/internal/gqjson/jsonparser.go:109.3,109.13 1 0
github.com/jmpargana/gq/internal/gqjson/jsonparser.go:110.12,111.4 1 0
github.com/jmpargana/gq/internal/gqjson/jsonparser.go:111.4,112.25 1 0
github.com/jmpargana/gq/internal/gqjson/jsonparser.go:112.25,114.6 1 0
github.com/jmpargana/gq/internal/gqjson/jsonparser.go:114.11,116.6 1 0
github.com/jmpargana/gq/internal/gqjson/jsonparser.go:118.12,119.4 1 0
github.com/jmpargana/gq/internal/gqjson/jsonparser.go:119.4,120.25 1 0
github.com/jmpargana/gq/internal/gqjson/jsonparser.go:120.25,122.6 1 0
github.com/jmpargana/gq/internal/gqjson/jsonparser.go:124.12,125.4 1 0
github.com/jmpargana/gq/internal/gqjson/jsonparser.go:125.4,127.12 2 0
github.com/jmpargana/gq/internal/gqjson/jsonparser.go:127.12,129.6 1 0
github.com/jmpargana/gq/internal/gqjson/jsonparser.go:129.11,132.6 2 0
github.com/jmpargana/gq/internal/gqjson/jsonparser.go:134.12,135.4 1 0
github.com/jmpargana/gq/internal/gqjson/jsonparser.go:135.4,137.5 1 0
github.com/jmpargana/gq/internal/gqjson/jsonparser.go:138.12,139.4 1 0
github.com/jmpargana/gq/internal/gqjson/jsonparser.go:139.4,141.5 1 0
github.com/jmpargana/gq/internal/gqjson/jsonparser.go:142.17,143.4 1 0
github.com/jmpargana/gq/internal/gqjson/jsonparser.go:143.4,146.5 2 0
github.com/jmpargana/gq/internal/gqjson/jsonparser.go:147.57,148.4 1 0
github.com/jmpargana/gq/internal/gqjson/jsonparser.go:148.4,151.5 2 0
github.com/jmpargana/gq/internal/gqjson/jsonparser.go:152.12,153.14 1 0
github.com/jmpargana/gq/internal/gqjson/jsonparser.go:154.12,155.14 1 0
github.com/jmpargana/gq/internal/gqjson/jsonparser.go:158.2,158.12 1 0
github.com/jmpargana/gq/internal/gqjson/printer.go:8.43,10.23 2 0
github.com/jmpargana/gq/internal/gqjson/printer.go:10.23,11.33 1 0
github.com/jmpargana/gq/internal/gqjson/printer.go:11.33,13.4 1 0
github.com/jmpargana/gq/internal/gqjson/printer.go:14.3,14.26 1 0
github.com/jmpargana/gq/internal/gqjson/printer.go:15.15,16.34 1 0
github.com/jmpargana/gq/internal/gqjson/printer.go:17.39,18.30 1 0
github.com/jmpargana/gq/internal/gqjson/printer.go:19.25,20.30 1 0
github.com/jmpargana/gq/internal/gqjson/printer.go:21.13,22.30 1 0
github.com/jmpargana/gq/internal/gqjson/printer.go:23.23,24.30 1 0
github.com/jmpargana/gq/internal/gqjson/printer.go:25.14,26.31 1 0
github.com/jmpargana/gq/internal/gqjson/printer.go:28.3,28.19 1 0
github.com/jmpargana/gq/internal/gqjson/printer.go:28.19,30.4 1 0
github.com/jmpargana/gq/internal/gqjson/printer.go:31.3,31.12 1 0
github.com/jmpargana/gq/internal/gqjson/printer.go:33.2,33.26 1 0
github.com/jmpargana/gq/internal/gqjson/printer.go:33.26,35.3 1 0
github.com/jmpargana/gq/internal/gqjson/printer.go:36.2,37.10 2 0
github.com/jmpargana/gq/internal/gqjson/printer.go:40.53,47.24 5 0
github.com/jmpargana/gq/internal/gqjson/printer.go:47.24,48.33 1 0
github.com/jmpargana/gq/internal/gqjson/printer.go:48.33,50.4 1 0
github.com/jmpargana/gq/internal/gqjson/printer.go:51.3,52.24 2 0
github.com/jmpargana/gq/internal/gqjson/printer.go:53.15,54.33 1 0
github.com/jmpargana/gq/internal/gqjson/printer.go:55.39,56.29 1 0
github.com/jmpargana/gq/internal/gqjson/printer.go:57.25,58.31 1 0
github.com/jmpargana/gq/internal/gqjson/printer.go:59.13,60.29 1 0
github.com/jmpargana/gq/internal/gqjson/printer.go:61.23,62.29 1 0
github.com/jmpargana/gq/internal/gqjson/printer.go:63.14,64.30 1 0
github.com/jmpargana/gq/internal/gqjson/printer.go:66.3,67.12 2 0
github.com/jmpargana/gq/internal/gqjson/printer.go:67.12,69.4 1 0
github.com/jmpargana/gq/internal/gqjson/printer.go:70.3,70.12 1 0
github.com/jmpargana/gq/internal/gqjson/printer.go:73.2,73.26 1 0
github.com/jmpargana/gq/internal/gqjson/printer.go:73.26,75.3 1 0
github.com/jmpargana/gq/internal/gqjson/printer.go:77.2,78.10 2 0
github.com/jmpargana/gq/internal/gqjson/printer.go:83.19,84.23 1 0
github.com/jmpargana/gq/internal/gqjson/printer.go:85.22,86.30 1 0
github.com/jmpargana/gq/internal/gqjson/printer.go:87.13,88.31 1 0
github.com/jmpargana/gq/internal/gqjson/printer.go:89.13,90.24 1 0
github.com/jmpargana/gq/internal/gqjson/printer.go:91.12,92.24 1 0
github.com/jmpargana/gq/internal/gqjson/printer.go:93.15,94.27 1 0
github.com/jmpargana/gq/internal/gqjson/printer.go:95.14,96.28 1 0
github.com/jmpargana/gq/internal/lexer/lexer.go:38.28,40.2 1 0
github.com/jmpargana/gq/internal/lexer/lexer.go:42.28,45.6 3 4
github.com/jmpargana/gq/internal/lexer/lexer.go:45.6,48.22 3 34
github.com/jmpargana/gq/internal/lexer/lexer.go:48.22,49.9 1 4
github.com/jmpargana/gq/internal/lexer/lexer.go:52.2,52.15 1 4
github.com/jmpargana/gq/internal/lexer/lexer.go:55.32,58.16 3 4
github.com/jmpargana/gq/internal/lexer/lexer.go:58.16,64.3 1 0
github.com/jmpargana/gq/internal/lexer/lexer.go:65.2,69.3 1 4
github.com/jmpargana/gq/internal/lexer/lexer.go:72.35,75.14 2 34
github.com/jmpargana/gq/internal/lexer/lexer.go:76.9,78.26 2 4
github.com/jmpargana/gq/internal/lexer/lexer.go:79.11,81.26 2 7
github.com/jmpargana/gq/internal/lexer/lexer.go:82.11,84.28 2 0
github.com/jmpargana/gq/internal/lexer/lexer.go:85.11,87.28 2 1
github.com/jmpargana/gq/internal/lexer/lexer.go:88.11,90.27 2 1
github.com/jmpargana/gq/internal/lexer/lexer.go:91.11,93.31 2 1
github.com/jmpargana/gq/internal/lexer/lexer.go:94.11,96.31 2 1
github.com/jmpargana/gq/internal/lexer/lexer.go:97.11,99.29 2 6
github.com/jmpargana/gq/internal/lexer/lexer.go:100.11,102.29 2 6
github.com/jmpargana/gq/internal/lexer/lexer.go:103.10,104.20 1 7
github.com/jmpargana/gq/internal/lexer/lexer.go:104.20,106.4 1 4
github.com/jmpargana/gq/internal/lexer/lexer.go:107.3,107.25 1 3
github.com/jmpargana/gq/internal/lexer/lexer.go:107.25,109.4 1 2
github.com/jmpargana/gq/internal/lexer/lexer.go:110.3,110.18 1 1
github.com/jmpargana/gq/internal/lexer/lexer.go:110.18,112.4 1 1
github.com/jmpargana/gq/internal/lexer/lexer.go:113.3,115.54 3 0
github.com/jmpargana/gq/internal/lexer/lexer.go:119.36,121.20 2 4
github.com/jmpargana/gq/internal/lexer/lexer.go:121.20,124.3 2 4
github.com/jmpargana/gq/internal/lexer/lexer.go:125.2,125.47 1 4
github.com/jmpargana/gq/internal/lexer/lexer.go:128.36,131.31 3 1
github.com/jmpargana/gq/internal/lexer/lexer.go:131.31,134.3 2 1
github.com/jmpargana/gq/internal/lexer/lexer.go:135.2,136.47 2 1
github.com/jmpargana/gq/internal/lexer/lexer.go:139.35,141.24 2 2
github.com/jmpargana/gq/internal/lexer/lexer.go:141.24,144.3 2 2
github.com/jmpargana/gq/internal/lexer/lexer.go:145.2,145.46 1 2
github.com/jmpargana/gq/internal/lexer/lexer.go:148.24,150.16 2 37
github.com/jmpargana/gq/internal/lexer/lexer.go:150.16,153.3 2 4
github.com/jmpargana/gq/internal/lexer/lexer.go:154.2,154.11 1 33
github.com/jmpargana/gq/internal/lexer/lexer.go:157.34,158.50 1 34
github.com/jmpargana/gq/internal/lexer/lexer.go:158.50,160.3 1 5
github.com/jmpargana/gq/internal/lexer/lexer.go:164.27,166.2 1 17
github.com/jmpargana/gq/internal/lexer/lexer.go:168.32,170.2 1 7
github.com/jmpargana/gq/internal/lexer/lexer.go:172.31,174.2 1 4
github.com/jmpargana/gq/internal/parser/parser.go:15.42,17.2 1 0
github.com/jmpargana/gq/internal/parser/parser.go:19.37,21.2 1 0
github.com/jmpargana/gq/internal/parser/parser.go:23.40,27.2 3 0
github.com/jmpargana/gq/internal/parser/parser.go:29.51,30.24 1 0
github.com/jmpargana/gq/internal/parser/parser.go:30.24,32.3 1 0
github.com/jmpargana/gq/internal/parser/parser.go:33.2,33.27 1 0
github.com/jmpargana/gq/internal/parser/parser.go:33.27,36.3 2 0
github.com/jmpargana/gq/internal/parser/parser.go:37.2,37.14 1 0
github.com/jmpargana/gq/internal/parser/parser.go:40.56,41.24 1 0
github.com/jmpargana/gq/internal/parser/parser.go:41.24,43.3 1 0
github.com/jmpargana/gq/internal/parser/parser.go:44.2,44.22 1 0
github.com/jmpargana/gq/internal/parser/parser.go:47.37,50.26 2 0
github.com/jmpargana/gq/internal/parser/parser.go:50.26,53.3 2 0
github.com/jmpargana/gq/internal/parser/parser.go:55.2,55.13 1 0
github.com/jmpargana/gq/internal/parser/parser.go:58.37,59.23 1 0
github.com/jmpargana/gq/internal/parser/parser.go:60.17,61.24 1 0
github.com/jmpargana/gq/internal/parser/parser.go:62.20,66.76 4 0
github.com/jmpargana/gq/internal/parser/parser.go:67.22,68.23 1 0
github.com/jmpargana/gq/internal/parser/parser.go:70.10,71.18 1 0
github.com/jmpargana/gq/internal/parser/parser.go:75.38,79.6 3 0
github.com/jmpargana/gq/internal/parser/parser.go:79.6,81.32 2 0
github.com/jmpargana/gq/internal/parser/parser.go:81.32,82.22 1 0
github.com/jmpargana/gq/internal/parser/parser.go:82.22,84.5 1 0
github.com/jmpargana/gq/internal/parser/parser.go:85.4,85.58 1 0
github.com/jmpargana/gq/internal/parser/parser.go:88.3,88.14 1 0
github.com/jmpargana/gq/internal/parser/parser.go:89.18,90.15 1 0
github.com/jmpargana/gq/internal/parser/parser.go:91.34,93.65 2 0
github.com/jmpargana/gq/internal/parser/parser.go:94.21,96.25 2 0
github.com/jmpargana/gq/internal/parser/parser.go:97.22,99.51 2 0
github.com/jmpargana/gq/internal/parser/parser.go:100.22,103.19 3 0
github.com/jmpargana/gq/internal/parser/parser.go:103.19,104.16 1 0
github.com/jmpargana/gq/internal/parser/parser.go:106.5,106.31 1 0
github.com/jmpargana/gq/internal/parser/parser.go:106.31,107.34 1 0
github.com/jmpargana/gq/internal/parser/parser.go:109.5,109.57 1 0
github.com/jmpargana/gq/internal/parser/parser.go:110.35,112.31 2 0
github.com/jmpargana/gq/internal/parser/parser.go:112.31,113.34 1 0
github.com/jmpargana/gq/internal/parser/parser.go:115.5,115.66 1 0
github.com/jmpargana/gq/internal/parser/parser.go:117.12,118.13 1 0
github.com/jmpargana/gq/internal/parser/parser.go:121.11,122.12 1 0
github.com/jmpargana/gq/internal/parser/parser.go:128.37,134.27 4 0
github.com/jmpargana/gq/internal/parser/parser.go:134.27,136.3 1 0
github.com/jmpargana/gq/internal/parser/parser.go:138.2,140.71 2 0
github.com/jmpargana/gq/internal/parser/parser.go:143.43,147.2 3 0
github.com/jmpargana/gq/internal/parser/parser.go:149.50,151.2 1 0
github.com/jmpargana/gq/internal/utils/types.go:40.25,44.2 1 0
github.com/jmpargana/gq/internal/utils/types.go:40.25,44.2 1 0
github.com/jmpargana/gq/cmd/gq/main.go:25.51,27.18 2 0
github.com/jmpargana/gq/cmd/gq/main.go:27.18,30.4 2 0
github.com/jmpargana/gq/cmd/gq/main.go:32.3,32.40 1 0
github.com/jmpargana/gq/cmd/gq/main.go:32.40,34.4 1 0
github.com/jmpargana/gq/cmd/gq/main.go:36.3,36.23 1 0
github.com/jmpargana/gq/cmd/gq/main.go:36.23,38.4 1 0
github.com/jmpargana/gq/cmd/gq/main.go:40.3,48.12 6 0
github.com/jmpargana/gq/cmd/gq/main.go:48.12,52.4 3 0
github.com/jmpargana/gq/cmd/gq/main.go:54.3,58.30 5 0
github.com/jmpargana/gq/cmd/gq/main.go:58.30,60.4 1 0
github.com/jmpargana/gq/cmd/gq/main.go:62.3,62.13 1 0
github.com/jmpargana/gq/cmd/gq/main.go:66.27,68.16 2 0
github.com/jmpargana/gq/cmd/gq/main.go:68.16,70.3 1 0
github.com/jmpargana/gq/cmd/gq/main.go:73.2,73.40 1 0
github.com/jmpargana/gq/cmd/gq/main.go:73.40,75.3 1 0
github.com/jmpargana/gq/cmd/gq/main.go:77.2,77.12 1 0
github.com/jmpargana/gq/cmd/gq/main.go:82.16,84.16 2 0
github.com/jmpargana/gq/cmd/gq/main.go:84.16,86.3 1 0
github.com/jmpargana/gq/cmd/gq/main.go:89.13,100.2 2 0
github.com/jmpargana/gq/cmd/gq/main.go:102.13,104.2 1 0
